{"/home/travis/build/npmtest/node-npmtest-linkifyjs/test.js":{"path":"/home/travis/build/npmtest/node-npmtest-linkifyjs/test.js","s":{"1":2,"2":2,"3":2,"4":2,"5":2,"6":2,"7":2,"8":1,"9":2,"10":2,"11":1,"12":1,"13":1,"14":1,"15":2,"16":2,"17":2,"18":2,"19":1,"20":1,"21":2,"22":2,"23":2,"24":1,"25":1,"26":1,"27":1,"28":1,"29":1,"30":1,"31":1,"32":1,"33":1,"34":1,"35":1,"36":1,"37":1,"38":1,"39":2,"40":2,"41":1,"42":2,"43":2,"44":1,"45":2,"46":2,"47":1,"48":2,"49":2,"50":1,"51":1,"52":1,"53":1,"54":1},"b":{"1":[2,1,1,1],"2":[1,1,1,1],"3":[1,1],"4":[1,1],"5":[1,1],"6":[1,1],"7":[1,1],"8":[1,1],"9":[1,1],"10":[1,1,1],"11":[1,1],"12":[1,1],"13":[1,1],"14":[1,1],"15":[1,1],"16":[1,1],"17":[1,1]},"f":{"1":2,"2":2,"3":2,"4":2,"5":2,"6":1,"7":1,"8":1,"9":2,"10":2,"11":2,"12":2,"13":1},"fnMap":{"1":{"name":"(anonymous_1)","line":12,"loc":{"start":{"line":12,"column":1},"end":{"line":12,"column":13}}},"2":{"name":"(anonymous_2)","line":19,"loc":{"start":{"line":19,"column":5},"end":{"line":19,"column":17}}},"3":{"name":"(anonymous_3)","line":23,"loc":{"start":{"line":23,"column":24},"end":{"line":23,"column":36}}},"4":{"name":"(anonymous_4)","line":61,"loc":{"start":{"line":61,"column":5},"end":{"line":61,"column":17}}},"5":{"name":"(anonymous_5)","line":82,"loc":{"start":{"line":82,"column":5},"end":{"line":82,"column":17}}},"6":{"name":"(anonymous_6)","line":91,"loc":{"start":{"line":91,"column":77},"end":{"line":94,"column":10}}},"7":{"name":"(anonymous_7)","line":112,"loc":{"start":{"line":112,"column":83},"end":{"line":115,"column":10}},"skip":true},"8":{"name":"(anonymous_8)","line":123,"loc":{"start":{"line":123,"column":77},"end":{"line":126,"column":10}},"skip":true},"9":{"name":"(anonymous_9)","line":139,"loc":{"start":{"line":139,"column":12},"end":{"line":139,"column":40}},"skip":true},"10":{"name":"(anonymous_10)","line":147,"loc":{"start":{"line":147,"column":77},"end":{"line":150,"column":10}},"skip":true},"11":{"name":"(anonymous_11)","line":158,"loc":{"start":{"line":158,"column":83},"end":{"line":161,"column":10}},"skip":true},"12":{"name":"(anonymous_12)","line":169,"loc":{"start":{"line":169,"column":79},"end":{"line":172,"column":10}},"skip":true},"13":{"name":"(anonymous_13)","line":180,"loc":{"start":{"line":180,"column":75},"end":{"line":183,"column":10}},"skip":true}},"statementMap":{"1":{"start":{"line":12,"column":0},"end":{"line":195,"column":5}},"2":{"start":{"line":14,"column":4},"end":{"line":14,"column":14}},"3":{"start":{"line":19,"column":4},"end":{"line":56,"column":9}},"4":{"start":{"line":21,"column":8},"end":{"line":21,"column":19}},"5":{"start":{"line":23,"column":8},"end":{"line":35,"column":13}},"6":{"start":{"line":24,"column":12},"end":{"line":34,"column":13}},"7":{"start":{"line":25,"column":16},"end":{"line":28,"column":30}},"8":{"start":{"line":30,"column":16},"end":{"line":33,"column":27}},"9":{"start":{"line":37,"column":8},"end":{"line":39,"column":21}},"10":{"start":{"line":40,"column":8},"end":{"line":53,"column":9}},"11":{"start":{"line":43,"column":12},"end":{"line":46,"column":14}},"12":{"start":{"line":47,"column":12},"end":{"line":47,"column":18}},"13":{"start":{"line":50,"column":12},"end":{"line":51,"column":33}},"14":{"start":{"line":52,"column":12},"end":{"line":52,"column":18}},"15":{"start":{"line":55,"column":8},"end":{"line":55,"column":35}},"16":{"start":{"line":61,"column":4},"end":{"line":63,"column":9}},"17":{"start":{"line":62,"column":8},"end":{"line":62,"column":15}},"18":{"start":{"line":64,"column":4},"end":{"line":77,"column":5}},"19":{"start":{"line":70,"column":8},"end":{"line":70,"column":14}},"20":{"start":{"line":76,"column":8},"end":{"line":76,"column":14}},"21":{"start":{"line":82,"column":4},"end":{"line":84,"column":9}},"22":{"start":{"line":83,"column":8},"end":{"line":83,"column":15}},"23":{"start":{"line":85,"column":4},"end":{"line":194,"column":5}},"24":{"start":{"line":91,"column":8},"end":{"line":99,"column":10}},"25":{"start":{"line":98,"column":12},"end":{"line":98,"column":35}},"26":{"start":{"line":102,"column":8},"end":{"line":104,"column":63}},"27":{"start":{"line":105,"column":8},"end":{"line":105,"column":14}},"28":{"start":{"line":112,"column":8},"end":{"line":121,"column":10},"skip":true},"29":{"start":{"line":119,"column":12},"end":{"line":119,"column":55},"skip":true},"30":{"start":{"line":120,"column":12},"end":{"line":120,"column":48},"skip":true},"31":{"start":{"line":123,"column":8},"end":{"line":136,"column":10},"skip":true},"32":{"start":{"line":130,"column":12},"end":{"line":130,"column":76},"skip":true},"33":{"start":{"line":131,"column":12},"end":{"line":131,"column":73},"skip":true},"34":{"start":{"line":132,"column":12},"end":{"line":132,"column":74},"skip":true},"35":{"start":{"line":133,"column":12},"end":{"line":133,"column":79},"skip":true},"36":{"start":{"line":134,"column":12},"end":{"line":134,"column":25},"skip":true},"37":{"start":{"line":135,"column":12},"end":{"line":135,"column":45},"skip":true},"38":{"start":{"line":138,"column":8},"end":{"line":145,"column":14},"skip":true},"39":{"start":{"line":143,"column":16},"end":{"line":143,"column":29},"skip":true},"40":{"start":{"line":144,"column":16},"end":{"line":144,"column":55},"skip":true},"41":{"start":{"line":147,"column":8},"end":{"line":156,"column":10},"skip":true},"42":{"start":{"line":154,"column":12},"end":{"line":154,"column":25},"skip":true},"43":{"start":{"line":155,"column":12},"end":{"line":155,"column":45},"skip":true},"44":{"start":{"line":158,"column":8},"end":{"line":167,"column":10},"skip":true},"45":{"start":{"line":165,"column":12},"end":{"line":165,"column":25},"skip":true},"46":{"start":{"line":166,"column":12},"end":{"line":166,"column":48},"skip":true},"47":{"start":{"line":169,"column":8},"end":{"line":178,"column":10},"skip":true},"48":{"start":{"line":176,"column":12},"end":{"line":176,"column":25},"skip":true},"49":{"start":{"line":177,"column":12},"end":{"line":177,"column":46},"skip":true},"50":{"start":{"line":180,"column":8},"end":{"line":189,"column":10},"skip":true},"51":{"start":{"line":187,"column":12},"end":{"line":187,"column":94},"skip":true},"52":{"start":{"line":188,"column":12},"end":{"line":188,"column":48},"skip":true},"53":{"start":{"line":192,"column":8},"end":{"line":192,"column":35},"skip":true},"54":{"start":{"line":193,"column":8},"end":{"line":193,"column":14},"skip":true}},"branchMap":{"1":{"line":25,"type":"binary-expr","locations":[{"start":{"line":25,"column":23},"end":{"line":25,"column":62}},{"start":{"line":26,"column":20},"end":{"line":26,"column":70}},{"start":{"line":27,"column":20},"end":{"line":27,"column":71}},{"start":{"line":28,"column":20},"end":{"line":28,"column":29}}]},"2":{"line":30,"type":"binary-expr","locations":[{"start":{"line":30,"column":23},"end":{"line":30,"column":37}},{"start":{"line":31,"column":20},"end":{"line":31,"column":61}},{"start":{"line":32,"column":20},"end":{"line":32,"column":70}},{"start":{"line":33,"column":20},"end":{"line":33,"column":26}}]},"3":{"line":37,"type":"cond-expr","locations":[{"start":{"line":38,"column":14},"end":{"line":38,"column":20}},{"start":{"line":39,"column":14},"end":{"line":39,"column":20}}]},"4":{"line":40,"type":"switch","locations":[{"start":{"line":42,"column":8},"end":{"line":47,"column":18}},{"start":{"line":49,"column":8},"end":{"line":52,"column":18}}]},"5":{"line":44,"type":"binary-expr","locations":[{"start":{"line":44,"column":16},"end":{"line":44,"column":44}},{"start":{"line":44,"column":48},"end":{"line":44,"column":66}}]},"6":{"line":50,"type":"binary-expr","locations":[{"start":{"line":50,"column":21},"end":{"line":50,"column":49}},{"start":{"line":50,"column":53},"end":{"line":50,"column":72}}]},"7":{"line":64,"type":"switch","locations":[{"start":{"line":69,"column":4},"end":{"line":70,"column":14}},{"start":{"line":75,"column":4},"end":{"line":76,"column":14}}]},"8":{"line":85,"type":"switch","locations":[{"start":{"line":90,"column":4},"end":{"line":105,"column":14}},{"start":{"line":111,"column":4},"end":{"line":193,"column":14},"skip":true}]},"9":{"line":91,"type":"binary-expr","locations":[{"start":{"line":91,"column":42},"end":{"line":91,"column":73}},{"start":{"line":91,"column":77},"end":{"line":99,"column":9}}]},"10":{"line":102,"type":"binary-expr","locations":[{"start":{"line":102,"column":18},"end":{"line":102,"column":32}},{"start":{"line":103,"column":12},"end":{"line":103,"column":53}},{"start":{"line":104,"column":12},"end":{"line":104,"column":61}}]},"11":{"line":112,"type":"binary-expr","locations":[{"start":{"line":112,"column":45},"end":{"line":112,"column":79},"skip":true},{"start":{"line":112,"column":83},"end":{"line":121,"column":9},"skip":true}]},"12":{"line":123,"type":"binary-expr","locations":[{"start":{"line":123,"column":42},"end":{"line":123,"column":73},"skip":true},{"start":{"line":123,"column":77},"end":{"line":136,"column":9},"skip":true}]},"13":{"line":138,"type":"binary-expr","locations":[{"start":{"line":138,"column":48},"end":{"line":138,"column":85},"skip":true},{"start":{"line":139,"column":12},"end":{"line":145,"column":13},"skip":true}]},"14":{"line":147,"type":"binary-expr","locations":[{"start":{"line":147,"column":42},"end":{"line":147,"column":73},"skip":true},{"start":{"line":147,"column":77},"end":{"line":156,"column":9},"skip":true}]},"15":{"line":158,"type":"binary-expr","locations":[{"start":{"line":158,"column":45},"end":{"line":158,"column":79},"skip":true},{"start":{"line":158,"column":83},"end":{"line":167,"column":9},"skip":true}]},"16":{"line":169,"type":"binary-expr","locations":[{"start":{"line":169,"column":43},"end":{"line":169,"column":75},"skip":true},{"start":{"line":169,"column":79},"end":{"line":178,"column":9},"skip":true}]},"17":{"line":180,"type":"binary-expr","locations":[{"start":{"line":180,"column":41},"end":{"line":180,"column":71},"skip":true},{"start":{"line":180,"column":75},"end":{"line":189,"column":9},"skip":true}]}},"code":["/* istanbul instrument in package npmtest_linkifyjs */","/*jslint","    bitwise: true,","    browser: true,","    maxerr: 8,","    maxlen: 96,","    node: true,","    nomen: true,","    regexp: true,","    stupid: true","*/","(function () {","    'use strict';","    var local;","","","","    // run shared js-env code - pre-init","    (function () {","        // init local","        local = {};","        // init modeJs","        local.modeJs = (function () {","            try {","                return typeof navigator.userAgent === 'string' &&","                    typeof document.querySelector('body') === 'object' &&","                    typeof XMLHttpRequest.prototype.open === 'function' &&","                    'browser';","            } catch (errorCaughtBrowser) {","                return module.exports &&","                    typeof process.versions.node === 'string' &&","                    typeof require('http').createServer === 'function' &&","                    'node';","            }","        }());","        // init global","        local.global = local.modeJs === 'browser'","            ? window","            : global;","        switch (local.modeJs) {","        // re-init local from window.local","        case 'browser':","            local = local.global.utility2.objectSetDefault(","                local.global.utility2_rollup || local.global.local,","                local.global.utility2","            );","            break;","        // re-init local from example.js","        case 'node':","            local = (local.global.utility2_rollup || require('utility2'))","                .requireReadme();","            break;","        }","        // export local","        local.global.local = local;","    }());","","","","    // run shared js-env code - function","    (function () {","        return;","    }());","    switch (local.modeJs) {","","","","    // run browser js-env code - function","    case 'browser':","        break;","","","","    // run node js-env code - function","    case 'node':","        break;","    }","","","","    // run shared js-env code - post-init","    (function () {","        return;","    }());","    switch (local.modeJs) {","","","","    // run browser js-env code - post-init","    case 'browser':","        local.testCase_browser_nullCase = local.testCase_browser_nullCase || function (","            options,","            onError","        ) {","        /*","         * this function will test browsers's null-case handling-behavior-behavior","         */","            onError(null, options);","        };","","        // run tests","        local.nop(local.modeTest &&","            document.querySelector('#testRunButton1') &&","            document.querySelector('#testRunButton1').click());","        break;","","","","    // run node js-env code - post-init","    /* istanbul ignore next */","    case 'node':","        local.testCase_buildApidoc_default = local.testCase_buildApidoc_default || function (","            options,","            onError","        ) {","        /*","         * this function will test buildApidoc's default handling-behavior-behavior","         */","            options = { modulePathList: module.paths };","            local.buildApidoc(options, onError);","        };","","        local.testCase_buildApp_default = local.testCase_buildApp_default || function (","            options,","            onError","        ) {","        /*","         * this function will test buildApp's default handling-behavior-behavior","         */","            local.testCase_buildReadme_default(options, local.onErrorThrow);","            local.testCase_buildLib_default(options, local.onErrorThrow);","            local.testCase_buildTest_default(options, local.onErrorThrow);","            local.testCase_buildCustomOrg_default(options, local.onErrorThrow);","            options = [];","            local.buildApp(options, onError);","        };","","        local.testCase_buildCustomOrg_default = local.testCase_buildCustomOrg_default ||","            function (options, onError) {","            /*","             * this function will test buildCustomOrg's default handling-behavior","             */","                options = {};","                local.buildCustomOrg(options, onError);","            };","","        local.testCase_buildLib_default = local.testCase_buildLib_default || function (","            options,","            onError","        ) {","        /*","         * this function will test buildLib's default handling-behavior","         */","            options = {};","            local.buildLib(options, onError);","        };","","        local.testCase_buildReadme_default = local.testCase_buildReadme_default || function (","            options,","            onError","        ) {","        /*","         * this function will test buildReadme's default handling-behavior-behavior","         */","            options = {};","            local.buildReadme(options, onError);","        };","","        local.testCase_buildTest_default = local.testCase_buildTest_default || function (","            options,","            onError","        ) {","        /*","         * this function will test buildTest's default handling-behavior","         */","            options = {};","            local.buildTest(options, onError);","        };","","        local.testCase_webpage_default = local.testCase_webpage_default || function (","            options,","            onError","        ) {","        /*","         * this function will test webpage's default handling-behavior","         */","            options = { modeCoverageMerge: true, url: local.serverLocalHost + '?modeTest=1' };","            local.browserTest(options, onError);","        };","","        // run test-server","        local.testRunServer(local);","        break;","    }","}());",""],"l":{"12":2,"14":2,"19":2,"21":2,"23":2,"24":2,"25":2,"30":1,"37":2,"40":2,"43":1,"47":1,"50":1,"52":1,"55":2,"61":2,"62":2,"64":2,"70":1,"76":1,"82":2,"83":2,"85":2,"91":1,"98":1,"102":1,"105":1,"112":1,"119":1,"120":1,"123":1,"130":1,"131":1,"132":1,"133":1,"134":1,"135":1,"138":1,"143":2,"144":2,"147":1,"154":2,"155":2,"158":1,"165":2,"166":2,"169":1,"176":2,"177":2,"180":1,"187":1,"188":1,"192":1,"193":1}},"/home/travis/build/npmtest/node-npmtest-linkifyjs/lib.npmtest_linkifyjs.js":{"path":"/home/travis/build/npmtest/node-npmtest-linkifyjs/lib.npmtest_linkifyjs.js","s":{"1":2,"2":2,"3":2,"4":2,"5":2,"6":2,"7":2,"8":1,"9":2,"10":2,"11":2,"12":2,"13":1,"14":1,"15":1,"16":1},"b":{"1":[2,1,1,1],"2":[1,1,1,1],"3":[1,1],"4":[2,2],"5":[1,1]},"f":{"1":2,"2":2,"3":2},"fnMap":{"1":{"name":"(anonymous_1)","line":12,"loc":{"start":{"line":12,"column":1},"end":{"line":12,"column":13}}},"2":{"name":"(anonymous_2)","line":19,"loc":{"start":{"line":19,"column":5},"end":{"line":19,"column":17}}},"3":{"name":"(anonymous_3)","line":23,"loc":{"start":{"line":23,"column":24},"end":{"line":23,"column":36}}}},"statementMap":{"1":{"start":{"line":12,"column":0},"end":{"line":53,"column":5}},"2":{"start":{"line":14,"column":4},"end":{"line":14,"column":14}},"3":{"start":{"line":19,"column":4},"end":{"line":52,"column":9}},"4":{"start":{"line":21,"column":8},"end":{"line":21,"column":19}},"5":{"start":{"line":23,"column":8},"end":{"line":35,"column":13}},"6":{"start":{"line":24,"column":12},"end":{"line":34,"column":13}},"7":{"start":{"line":25,"column":16},"end":{"line":28,"column":30}},"8":{"start":{"line":30,"column":16},"end":{"line":33,"column":27}},"9":{"start":{"line":37,"column":8},"end":{"line":39,"column":21}},"10":{"start":{"line":41,"column":8},"end":{"line":41,"column":54}},"11":{"start":{"line":43,"column":8},"end":{"line":43,"column":54}},"12":{"start":{"line":45,"column":8},"end":{"line":51,"column":9}},"13":{"start":{"line":46,"column":12},"end":{"line":46,"column":60}},"14":{"start":{"line":48,"column":12},"end":{"line":48,"column":35}},"15":{"start":{"line":49,"column":12},"end":{"line":49,"column":49}},"16":{"start":{"line":50,"column":12},"end":{"line":50,"column":43}}},"branchMap":{"1":{"line":25,"type":"binary-expr","locations":[{"start":{"line":25,"column":23},"end":{"line":25,"column":62}},{"start":{"line":26,"column":20},"end":{"line":26,"column":70}},{"start":{"line":27,"column":20},"end":{"line":27,"column":71}},{"start":{"line":28,"column":20},"end":{"line":28,"column":29}}]},"2":{"line":30,"type":"binary-expr","locations":[{"start":{"line":30,"column":23},"end":{"line":30,"column":37}},{"start":{"line":31,"column":20},"end":{"line":31,"column":61}},{"start":{"line":32,"column":20},"end":{"line":32,"column":70}},{"start":{"line":33,"column":20},"end":{"line":33,"column":26}}]},"3":{"line":37,"type":"cond-expr","locations":[{"start":{"line":38,"column":14},"end":{"line":38,"column":20}},{"start":{"line":39,"column":14},"end":{"line":39,"column":20}}]},"4":{"line":41,"type":"binary-expr","locations":[{"start":{"line":41,"column":16},"end":{"line":41,"column":44}},{"start":{"line":41,"column":48},"end":{"line":41,"column":53}}]},"5":{"line":45,"type":"if","locations":[{"start":{"line":45,"column":8},"end":{"line":45,"column":8}},{"start":{"line":45,"column":8},"end":{"line":45,"column":8}}]}},"code":["/* istanbul instrument in package npmtest_linkifyjs */","/*jslint","    bitwise: true,","    browser: true,","    maxerr: 8,","    maxlen: 96,","    node: true,","    nomen: true,","    regexp: true,","    stupid: true","*/","(function () {","    'use strict';","    var local;","","","","    // run shared js-env code - pre-init","    (function () {","        // init local","        local = {};","        // init modeJs","        local.modeJs = (function () {","            try {","                return typeof navigator.userAgent === 'string' &&","                    typeof document.querySelector('body') === 'object' &&","                    typeof XMLHttpRequest.prototype.open === 'function' &&","                    'browser';","            } catch (errorCaughtBrowser) {","                return module.exports &&","                    typeof process.versions.node === 'string' &&","                    typeof require('http').createServer === 'function' &&","                    'node';","            }","        }());","        // init global","        local.global = local.modeJs === 'browser'","            ? window","            : global;","        // init utility2_rollup","        local = local.global.utility2_rollup || local;","        // init lib","        local.local = local.npmtest_linkifyjs = local;","        // init exports","        if (local.modeJs === 'browser') {","            local.global.utility2_npmtest_linkifyjs = local;","        } else {","            module.exports = local;","            module.exports.__dirname = __dirname;","            module.exports.module = module;","        }","    }());","}());",""],"l":{"12":2,"14":2,"19":2,"21":2,"23":2,"24":2,"25":2,"30":1,"37":2,"41":2,"43":2,"45":2,"46":1,"48":1,"49":1,"50":1}},"/home/travis/build/npmtest/node-npmtest-linkifyjs/example.js":{"path":"/home/travis/build/npmtest/node-npmtest-linkifyjs/example.js","s":{"1":2,"2":2,"3":2,"4":2,"5":2,"6":2,"7":2,"8":1,"9":2,"10":2,"11":2,"12":2,"13":1,"14":2,"15":2,"16":2,"17":2,"18":2,"19":0,"20":2,"21":1,"22":1,"23":1,"24":1,"25":1,"26":0,"27":0,"28":1,"29":1,"30":2,"31":0,"32":0,"33":0,"34":1,"35":2,"36":2,"37":3,"38":3,"39":3,"40":3,"41":0,"42":3,"43":3,"44":3,"45":1,"46":3,"47":1,"48":1,"49":1,"50":1,"51":1,"52":1,"53":1,"54":1,"55":1,"56":1,"57":0,"58":1,"59":6,"60":6,"61":1,"62":2,"63":0,"64":2,"65":1,"66":1,"67":0,"68":0,"69":0,"70":0,"71":0,"72":0,"73":0,"74":0,"75":0,"76":0,"77":0,"78":0,"79":0,"80":0,"81":0,"82":0,"83":0},"b":{"1":[2,1,1,1],"2":[1,1,1,1],"3":[1,1],"4":[2,2],"5":[1,1],"6":[1,1],"7":[2,0],"8":[2,1,1,1,1,1],"9":[0,2,0],"10":[1,1],"11":[2,1,1],"12":[1,0],"13":[0,2],"14":[2,0,0,0,0,0,0],"15":[0,3],"16":[3,0],"17":[1,1],"18":[0,1],"19":[1,2,0,2],"20":[1,0],"21":[1,1],"22":[0,0],"23":[0,0],"24":[0,0],"25":[0,0],"26":[0,0],"27":[0,0],"28":[0,0]},"f":{"1":2,"2":2,"3":2,"4":2,"5":2,"6":2,"7":3,"8":3,"9":3,"10":1,"11":6,"12":0},"fnMap":{"1":{"name":"(anonymous_1)","line":26,"loc":{"start":{"line":26,"column":1},"end":{"line":26,"column":13}}},"2":{"name":"(anonymous_2)","line":33,"loc":{"start":{"line":33,"column":5},"end":{"line":33,"column":17}}},"3":{"name":"(anonymous_3)","line":37,"loc":{"start":{"line":37,"column":24},"end":{"line":37,"column":36}}},"4":{"name":"(anonymous_4)","line":69,"loc":{"start":{"line":69,"column":31},"end":{"line":69,"column":48}},"skip":true},"5":{"name":"(anonymous_5)","line":78,"loc":{"start":{"line":78,"column":26},"end":{"line":78,"column":45}},"skip":true},"6":{"name":"(anonymous_6)","line":123,"loc":{"start":{"line":123,"column":33},"end":{"line":123,"column":48}},"skip":true},"7":{"name":"(anonymous_7)","line":125,"loc":{"start":{"line":125,"column":27},"end":{"line":125,"column":39}},"skip":true},"8":{"name":"(anonymous_8)","line":133,"loc":{"start":{"line":133,"column":59},"end":{"line":133,"column":74}},"skip":true},"9":{"name":"(anonymous_9)","line":143,"loc":{"start":{"line":143,"column":45},"end":{"line":143,"column":62}},"skip":true},"10":{"name":"(anonymous_10)","line":144,"loc":{"start":{"line":144,"column":73},"end":{"line":144,"column":92}},"skip":true},"11":{"name":"(anonymous_11)","line":272,"loc":{"start":{"line":272,"column":51},"end":{"line":272,"column":77}},"skip":true},"12":{"name":"(anonymous_12)","line":315,"loc":{"start":{"line":315,"column":32},"end":{"line":315,"column":61}},"skip":true}},"statementMap":{"1":{"start":{"line":26,"column":0},"end":{"line":326,"column":5}},"2":{"start":{"line":28,"column":4},"end":{"line":28,"column":14}},"3":{"start":{"line":33,"column":4},"end":{"line":60,"column":9}},"4":{"start":{"line":35,"column":8},"end":{"line":35,"column":19}},"5":{"start":{"line":37,"column":8},"end":{"line":49,"column":13}},"6":{"start":{"line":38,"column":12},"end":{"line":48,"column":13}},"7":{"start":{"line":39,"column":16},"end":{"line":42,"column":30}},"8":{"start":{"line":44,"column":16},"end":{"line":47,"column":27}},"9":{"start":{"line":51,"column":8},"end":{"line":53,"column":21}},"10":{"start":{"line":55,"column":8},"end":{"line":57,"column":45}},"11":{"start":{"line":59,"column":8},"end":{"line":59,"column":35}},"12":{"start":{"line":61,"column":4},"end":{"line":325,"column":5}},"13":{"start":{"line":69,"column":8},"end":{"line":121,"column":10},"skip":true},"14":{"start":{"line":70,"column":12},"end":{"line":88,"column":13},"skip":true},"15":{"start":{"line":76,"column":16},"end":{"line":87,"column":19},"skip":true},"16":{"start":{"line":79,"column":20},"end":{"line":86,"column":21},"skip":true},"17":{"start":{"line":82,"column":24},"end":{"line":82,"column":43},"skip":true},"18":{"start":{"line":83,"column":24},"end":{"line":83,"column":30},"skip":true},"19":{"start":{"line":85,"column":24},"end":{"line":85,"column":49},"skip":true},"20":{"start":{"line":89,"column":12},"end":{"line":107,"column":13},"skip":true},"21":{"start":{"line":92,"column":16},"end":{"line":102,"column":17},"skip":true},"22":{"start":{"line":93,"column":20},"end":{"line":93,"column":86},"skip":true},"23":{"start":{"line":94,"column":20},"end":{"line":95,"column":45},"skip":true},"24":{"start":{"line":96,"column":20},"end":{"line":96,"column":42},"skip":true},"25":{"start":{"line":97,"column":20},"end":{"line":97,"column":48},"skip":true},"26":{"start":{"line":100,"column":20},"end":{"line":100,"column":85},"skip":true},"27":{"start":{"line":101,"column":20},"end":{"line":101,"column":96},"skip":true},"28":{"start":{"line":103,"column":16},"end":{"line":103,"column":22},"skip":true},"29":{"start":{"line":106,"column":16},"end":{"line":106,"column":22},"skip":true},"30":{"start":{"line":108,"column":12},"end":{"line":120,"column":13},"skip":true},"31":{"start":{"line":114,"column":16},"end":{"line":119,"column":17},"skip":true},"32":{"start":{"line":116,"column":20},"end":{"line":116,"column":78},"skip":true},"33":{"start":{"line":118,"column":20},"end":{"line":118,"column":47},"skip":true},"34":{"start":{"line":123,"column":8},"end":{"line":141,"column":11},"skip":true},"35":{"start":{"line":124,"column":12},"end":{"line":124,"column":54},"skip":true},"36":{"start":{"line":125,"column":12},"end":{"line":140,"column":14},"skip":true},"37":{"start":{"line":126,"column":16},"end":{"line":126,"column":28},"skip":true},"38":{"start":{"line":127,"column":16},"end":{"line":127,"column":69},"skip":true},"39":{"start":{"line":128,"column":16},"end":{"line":128,"column":75},"skip":true},"40":{"start":{"line":129,"column":16},"end":{"line":131,"column":17},"skip":true},"41":{"start":{"line":130,"column":20},"end":{"line":130,"column":27},"skip":true},"42":{"start":{"line":133,"column":16},"end":{"line":137,"column":36},"skip":true},"43":{"start":{"line":134,"column":20},"end":{"line":136,"column":55},"skip":true},"44":{"start":{"line":139,"column":16},"end":{"line":139,"column":57},"skip":true},"45":{"start":{"line":143,"column":8},"end":{"line":147,"column":11},"skip":true},"46":{"start":{"line":144,"column":12},"end":{"line":146,"column":15},"skip":true},"47":{"start":{"line":145,"column":16},"end":{"line":145,"column":70},"skip":true},"48":{"start":{"line":149,"column":8},"end":{"line":149,"column":31},"skip":true},"49":{"start":{"line":150,"column":8},"end":{"line":150,"column":14},"skip":true},"50":{"start":{"line":158,"column":8},"end":{"line":158,"column":31},"skip":true},"51":{"start":{"line":160,"column":8},"end":{"line":160,"column":33},"skip":true},"52":{"start":{"line":161,"column":8},"end":{"line":161,"column":37},"skip":true},"53":{"start":{"line":162,"column":8},"end":{"line":162,"column":35},"skip":true},"54":{"start":{"line":164,"column":8},"end":{"line":164,"column":50},"skip":true},"55":{"start":{"line":166,"column":8},"end":{"line":256,"column":2},"skip":true},"56":{"start":{"line":258,"column":8},"end":{"line":286,"column":9},"skip":true},"57":{"start":{"line":259,"column":12},"end":{"line":269,"column":14},"skip":true},"58":{"start":{"line":271,"column":12},"end":{"line":285,"column":19},"skip":true},"59":{"start":{"line":274,"column":20},"end":{"line":274,"column":35},"skip":true},"60":{"start":{"line":275,"column":20},"end":{"line":284,"column":21},"skip":true},"61":{"start":{"line":277,"column":24},"end":{"line":277,"column":64},"skip":true},"62":{"start":{"line":279,"column":24},"end":{"line":279,"column":40},"skip":true},"63":{"start":{"line":281,"column":24},"end":{"line":281,"column":40},"skip":true},"64":{"start":{"line":283,"column":24},"end":{"line":283,"column":39},"skip":true},"65":{"start":{"line":288,"column":8},"end":{"line":290,"column":9},"skip":true},"66":{"start":{"line":289,"column":12},"end":{"line":289,"column":18},"skip":true},"67":{"start":{"line":291,"column":8},"end":{"line":293,"column":54},"skip":true},"68":{"start":{"line":296,"column":8},"end":{"line":301,"column":37},"skip":true},"69":{"start":{"line":303,"column":8},"end":{"line":303,"column":82},"skip":true},"70":{"start":{"line":306,"column":8},"end":{"line":308,"column":9},"skip":true},"71":{"start":{"line":307,"column":12},"end":{"line":307,"column":82},"skip":true},"72":{"start":{"line":310,"column":8},"end":{"line":312,"column":9},"skip":true},"73":{"start":{"line":311,"column":12},"end":{"line":311,"column":18},"skip":true},"74":{"start":{"line":313,"column":8},"end":{"line":313,"column":54},"skip":true},"75":{"start":{"line":314,"column":8},"end":{"line":314,"column":69},"skip":true},"76":{"start":{"line":315,"column":8},"end":{"line":323,"column":36},"skip":true},"77":{"start":{"line":316,"column":12},"end":{"line":316,"column":61},"skip":true},"78":{"start":{"line":317,"column":12},"end":{"line":320,"column":13},"skip":true},"79":{"start":{"line":318,"column":16},"end":{"line":318,"column":75},"skip":true},"80":{"start":{"line":319,"column":16},"end":{"line":319,"column":23},"skip":true},"81":{"start":{"line":321,"column":12},"end":{"line":321,"column":38},"skip":true},"82":{"start":{"line":322,"column":12},"end":{"line":322,"column":27},"skip":true},"83":{"start":{"line":324,"column":8},"end":{"line":324,"column":14},"skip":true}},"branchMap":{"1":{"line":39,"type":"binary-expr","locations":[{"start":{"line":39,"column":23},"end":{"line":39,"column":62}},{"start":{"line":40,"column":20},"end":{"line":40,"column":70}},{"start":{"line":41,"column":20},"end":{"line":41,"column":71}},{"start":{"line":42,"column":20},"end":{"line":42,"column":29}}]},"2":{"line":44,"type":"binary-expr","locations":[{"start":{"line":44,"column":23},"end":{"line":44,"column":37}},{"start":{"line":45,"column":20},"end":{"line":45,"column":61}},{"start":{"line":46,"column":20},"end":{"line":46,"column":70}},{"start":{"line":47,"column":20},"end":{"line":47,"column":26}}]},"3":{"line":51,"type":"cond-expr","locations":[{"start":{"line":52,"column":14},"end":{"line":52,"column":20}},{"start":{"line":53,"column":14},"end":{"line":53,"column":20}}]},"4":{"line":55,"type":"binary-expr","locations":[{"start":{"line":55,"column":16},"end":{"line":55,"column":44}},{"start":{"line":55,"column":49},"end":{"line":57,"column":43}}]},"5":{"line":55,"type":"cond-expr","locations":[{"start":{"line":56,"column":14},"end":{"line":56,"column":53}},{"start":{"line":57,"column":14},"end":{"line":57,"column":43}}]},"6":{"line":61,"type":"switch","locations":[{"start":{"line":68,"column":4},"end":{"line":150,"column":14},"skip":true},{"start":{"line":156,"column":4},"end":{"line":324,"column":14},"skip":true}]},"7":{"line":70,"type":"if","locations":[{"start":{"line":70,"column":12},"end":{"line":70,"column":12},"skip":true},{"start":{"line":70,"column":12},"end":{"line":70,"column":12},"skip":true}]},"8":{"line":70,"type":"binary-expr","locations":[{"start":{"line":70,"column":16},"end":{"line":70,"column":22},"skip":true},{"start":{"line":70,"column":27},"end":{"line":70,"column":32},"skip":true},{"start":{"line":71,"column":20},"end":{"line":71,"column":39},"skip":true},{"start":{"line":72,"column":20},"end":{"line":72,"column":49},"skip":true},{"start":{"line":73,"column":20},"end":{"line":73,"column":58},"skip":true},{"start":{"line":74,"column":20},"end":{"line":74,"column":69},"skip":true}]},"9":{"line":79,"type":"switch","locations":[{"start":{"line":80,"column":20},"end":{"line":80,"column":33},"skip":true},{"start":{"line":81,"column":20},"end":{"line":83,"column":30},"skip":true},{"start":{"line":84,"column":20},"end":{"line":85,"column":49},"skip":true}]},"10":{"line":89,"type":"switch","locations":[{"start":{"line":90,"column":12},"end":{"line":103,"column":22},"skip":true},{"start":{"line":105,"column":12},"end":{"line":106,"column":22},"skip":true}]},"11":{"line":89,"type":"binary-expr","locations":[{"start":{"line":89,"column":20},"end":{"line":89,"column":25},"skip":true},{"start":{"line":89,"column":29},"end":{"line":89,"column":48},"skip":true},{"start":{"line":89,"column":52},"end":{"line":89,"column":74},"skip":true}]},"12":{"line":92,"type":"if","locations":[{"start":{"line":92,"column":16},"end":{"line":92,"column":16},"skip":true},{"start":{"line":92,"column":16},"end":{"line":92,"column":16},"skip":true}]},"13":{"line":108,"type":"if","locations":[{"start":{"line":108,"column":12},"end":{"line":108,"column":12},"skip":true},{"start":{"line":108,"column":12},"end":{"line":108,"column":12},"skip":true}]},"14":{"line":108,"type":"binary-expr","locations":[{"start":{"line":108,"column":16},"end":{"line":108,"column":61},"skip":true},{"start":{"line":108,"column":66},"end":{"line":108,"column":72},"skip":true},{"start":{"line":108,"column":77},"end":{"line":108,"column":82},"skip":true},{"start":{"line":109,"column":20},"end":{"line":109,"column":39},"skip":true},{"start":{"line":110,"column":20},"end":{"line":110,"column":49},"skip":true},{"start":{"line":111,"column":20},"end":{"line":111,"column":58},"skip":true},{"start":{"line":112,"column":20},"end":{"line":112,"column":68},"skip":true}]},"15":{"line":129,"type":"if","locations":[{"start":{"line":129,"column":16},"end":{"line":129,"column":16},"skip":true},{"start":{"line":129,"column":16},"end":{"line":129,"column":16},"skip":true}]},"16":{"line":134,"type":"cond-expr","locations":[{"start":{"line":135,"column":26},"end":{"line":135,"column":29},"skip":true},{"start":{"line":136,"column":26},"end":{"line":136,"column":54},"skip":true}]},"17":{"line":164,"type":"binary-expr","locations":[{"start":{"line":164,"column":27},"end":{"line":164,"column":43},"skip":true},{"start":{"line":164,"column":47},"end":{"line":164,"column":49},"skip":true}]},"18":{"line":258,"type":"if","locations":[{"start":{"line":258,"column":8},"end":{"line":258,"column":8},"skip":true},{"start":{"line":258,"column":8},"end":{"line":258,"column":8},"skip":true}]},"19":{"line":275,"type":"switch","locations":[{"start":{"line":276,"column":20},"end":{"line":277,"column":64},"skip":true},{"start":{"line":278,"column":20},"end":{"line":279,"column":40},"skip":true},{"start":{"line":280,"column":20},"end":{"line":281,"column":40},"skip":true},{"start":{"line":282,"column":20},"end":{"line":283,"column":39},"skip":true}]},"20":{"line":288,"type":"if","locations":[{"start":{"line":288,"column":8},"end":{"line":288,"column":8},"skip":true},{"start":{"line":288,"column":8},"end":{"line":288,"column":8},"skip":true}]},"21":{"line":288,"type":"binary-expr","locations":[{"start":{"line":288,"column":12},"end":{"line":288,"column":40},"skip":true},{"start":{"line":288,"column":44},"end":{"line":288,"column":67},"skip":true}]},"22":{"line":292,"type":"binary-expr","locations":[{"start":{"line":292,"column":12},"end":{"line":292,"column":50},"skip":true},{"start":{"line":293,"column":12},"end":{"line":293,"column":53},"skip":true}]},"23":{"line":297,"type":"binary-expr","locations":[{"start":{"line":297,"column":12},"end":{"line":297,"column":67},"skip":true},{"start":{"line":298,"column":12},"end":{"line":301,"column":36},"skip":true}]},"24":{"line":303,"type":"binary-expr","locations":[{"start":{"line":303,"column":43},"end":{"line":303,"column":75},"skip":true},{"start":{"line":303,"column":79},"end":{"line":303,"column":81},"skip":true}]},"25":{"line":306,"type":"if","locations":[{"start":{"line":306,"column":8},"end":{"line":306,"column":8},"skip":true},{"start":{"line":306,"column":8},"end":{"line":306,"column":8},"skip":true}]},"26":{"line":310,"type":"if","locations":[{"start":{"line":310,"column":8},"end":{"line":310,"column":8},"skip":true},{"start":{"line":310,"column":8},"end":{"line":310,"column":8},"skip":true}]},"27":{"line":313,"type":"binary-expr","locations":[{"start":{"line":313,"column":27},"end":{"line":313,"column":43},"skip":true},{"start":{"line":313,"column":47},"end":{"line":313,"column":53},"skip":true}]},"28":{"line":317,"type":"if","locations":[{"start":{"line":317,"column":12},"end":{"line":317,"column":12},"skip":true},{"start":{"line":317,"column":12},"end":{"line":317,"column":12},"skip":true}]}},"code":["/*","example.js","","quickstart example","","instruction","    1. save this script as example.js","    2. run the shell command:","        $ npm install npmtest-linkifyjs && PORT=8081 node example.js","    3. play with the browser-demo on http://127.0.0.1:8081","*/","","","","/* istanbul instrument in package npmtest_linkifyjs */","/*jslint","    bitwise: true,","    browser: true,","    maxerr: 8,","    maxlen: 96,","    node: true,","    nomen: true,","    regexp: true,","    stupid: true","*/","(function () {","    'use strict';","    var local;","","","","    // run shared js-env code - pre-init","    (function () {","        // init local","        local = {};","        // init modeJs","        local.modeJs = (function () {","            try {","                return typeof navigator.userAgent === 'string' &&","                    typeof document.querySelector('body') === 'object' &&","                    typeof XMLHttpRequest.prototype.open === 'function' &&","                    'browser';","            } catch (errorCaughtBrowser) {","                return module.exports &&","                    typeof process.versions.node === 'string' &&","                    typeof require('http').createServer === 'function' &&","                    'node';","            }","        }());","        // init global","        local.global = local.modeJs === 'browser'","            ? window","            : global;","        // init utility2_rollup","        local = local.global.utility2_rollup || (local.modeJs === 'browser'","            ? local.global.utility2_npmtest_linkifyjs","            : global.utility2_moduleExports);","        // export local","        local.global.local = local;","    }());","    switch (local.modeJs) {","","","","    // post-init","    // run browser js-env code - post-init","    /* istanbul ignore next */","    case 'browser':","        local.testRunBrowser = function (event) {","            if (!event || (event &&","                    event.currentTarget &&","                    event.currentTarget.className &&","                    event.currentTarget.className.includes &&","                    event.currentTarget.className.includes('onreset'))) {","                // reset output","                Array.from(","                    document.querySelectorAll('body > .resettable')","                ).forEach(function (element) {","                    switch (element.tagName) {","                    case 'INPUT':","                    case 'TEXTAREA':","                        element.value = '';","                        break;","                    default:","                        element.textContent = '';","                    }","                });","            }","            switch (event && event.currentTarget && event.currentTarget.id) {","            case 'testRunButton1':","                // show tests","                if (document.querySelector('#testReportDiv1').style.display === 'none') {","                    document.querySelector('#testReportDiv1').style.display = 'block';","                    document.querySelector('#testRunButton1').textContent =","                        'hide internal test';","                    local.modeTest = true;","                    local.testRunDefault(local);","                // hide tests","                } else {","                    document.querySelector('#testReportDiv1').style.display = 'none';","                    document.querySelector('#testRunButton1').textContent = 'run internal test';","                }","                break;","            // custom-case","            default:","                break;","            }","            if (document.querySelector('#inputTextareaEval1') && (!event || (event &&","                    event.currentTarget &&","                    event.currentTarget.className &&","                    event.currentTarget.className.includes &&","                    event.currentTarget.className.includes('oneval')))) {","                // try to eval input-code","                try {","                    /*jslint evil: true*/","                    eval(document.querySelector('#inputTextareaEval1').value);","                } catch (errorCaught) {","                    console.error(errorCaught);","                }","            }","        };","        // log stderr and stdout to #outputTextareaStdout1","        ['error', 'log'].forEach(function (key) {","            console[key + '_original'] = console[key];","            console[key] = function () {","                var element;","                console[key + '_original'].apply(console, arguments);","                element = document.querySelector('#outputTextareaStdout1');","                if (!element) {","                    return;","                }","                // append text to #outputTextareaStdout1","                element.value += Array.from(arguments).map(function (arg) {","                    return typeof arg === 'string'","                        ? arg","                        : JSON.stringify(arg, null, 4);","                }).join(' ') + '\\n';","                // scroll textarea to bottom","                element.scrollTop = element.scrollHeight;","            };","        });","        // init event-handling","        ['change', 'click', 'keyup'].forEach(function (event) {","            Array.from(document.querySelectorAll('.on' + event)).forEach(function (element) {","                element.addEventListener(event, local.testRunBrowser);","            });","        });","        // run tests","        local.testRunBrowser();","        break;","","","","    // run node js-env code - post-init","    /* istanbul ignore next */","    case 'node':","        // export local","        module.exports = local;","        // require modules","        local.fs = require('fs');","        local.http = require('http');","        local.url = require('url');","        // init assets","        local.assetsDict = local.assetsDict || {};","        /* jslint-ignore-begin */","        local.assetsDict['/assets.index.template.html'] = '\\","<!doctype html>\\n\\","<html lang=\"en\">\\n\\","<head>\\n\\","<meta charset=\"UTF-8\">\\n\\","<meta name=\"viewport\" content=\"width=device-width, initial-scale=1\">\\n\\","<title>{{env.npm_package_name}} (v{{env.npm_package_version}})</title>\\n\\","<style>\\n\\","/*csslint\\n\\","    box-sizing: false,\\n\\","    universal-selector: false\\n\\","*/\\n\\","* {\\n\\","    box-sizing: border-box;\\n\\","}\\n\\","body {\\n\\","    background: #dde;\\n\\","    font-family: Arial, Helvetica, sans-serif;\\n\\","    margin: 2rem;\\n\\","}\\n\\","body > * {\\n\\","    margin-bottom: 1rem;\\n\\","}\\n\\",".utility2FooterDiv {\\n\\","    margin-top: 20px;\\n\\","    text-align: center;\\n\\","}\\n\\","</style>\\n\\","<style>\\n\\","/*csslint\\n\\","*/\\n\\","textarea {\\n\\","    font-family: monospace;\\n\\","    height: 10rem;\\n\\","    width: 100%;\\n\\","}\\n\\","textarea[readonly] {\\n\\","    background: #ddd;\\n\\","}\\n\\","</style>\\n\\","</head>\\n\\","<body>\\n\\","<!-- utility2-comment\\n\\","<div id=\"ajaxProgressDiv1\" style=\"background: #d00; height: 2px; left: 0; margin: 0; padding: 0; position: fixed; top: 0; transition: background 0.5s, width 1.5s; width: 25%;\"></div>\\n\\","utility2-comment -->\\n\\","<h1>\\n\\","<!-- utility2-comment\\n\\","    <a\\n\\","        {{#if env.npm_package_homepage}}\\n\\","        href=\"{{env.npm_package_homepage}}\"\\n\\","        {{/if env.npm_package_homepage}}\\n\\","        target=\"_blank\"\\n\\","    >\\n\\","utility2-comment -->\\n\\","        {{env.npm_package_name}} (v{{env.npm_package_version}})\\n\\","<!-- utility2-comment\\n\\","    </a>\\n\\","utility2-comment -->\\n\\","</h1>\\n\\","<h3>{{env.npm_package_description}}</h3>\\n\\","<!-- utility2-comment\\n\\","<h4><a download href=\"assets.app.js\">download standalone app</a></h4>\\n\\","<button class=\"onclick onreset\" id=\"testRunButton1\">run internal test</button><br>\\n\\","<div id=\"testReportDiv1\" style=\"display: none;\"></div>\\n\\","utility2-comment -->\\n\\","\\n\\","\\n\\","\\n\\","<label>stderr and stdout</label>\\n\\","<textarea class=\"resettable\" id=\"outputTextareaStdout1\" readonly></textarea>\\n\\","<!-- utility2-comment\\n\\","{{#if isRollup}}\\n\\","<script src=\"assets.app.js\"></script>\\n\\","{{#unless isRollup}}\\n\\","utility2-comment -->\\n\\","<script src=\"assets.utility2.rollup.js\"></script>\\n\\","<script src=\"jsonp.utility2._stateInit?callback=window.utility2._stateInit\"></script>\\n\\","<script src=\"assets.npmtest_linkifyjs.rollup.js\"></script>\\n\\","<script src=\"assets.example.js\"></script>\\n\\","<script src=\"assets.test.js\"></script>\\n\\","<!-- utility2-comment\\n\\","{{/if isRollup}}\\n\\","utility2-comment -->\\n\\","<div class=\"utility2FooterDiv\">\\n\\","    [ this app was created with\\n\\","    <a href=\"https://github.com/kaizhu256/node-utility2\" target=\"_blank\">utility2</a>\\n\\","    ]\\n\\","</div>\\n\\","</body>\\n\\","</html>\\n\\","';","        /* jslint-ignore-end */","        if (local.templateRender) {","            local.assetsDict['/'] = local.templateRender(","                local.assetsDict['/assets.index.template.html'],","                {","                    env: local.objectSetDefault(local.env, {","                        npm_package_description: 'the greatest app in the world!',","                        npm_package_name: 'my-app',","                        npm_package_nameAlias: 'my_app',","                        npm_package_version: '0.0.1'","                    })","                }","            );","        } else {","            local.assetsDict['/'] = local.assetsDict['/assets.index.template.html']","                .replace((/\\{\\{env\\.(\\w+?)\\}\\}/g), function (match0, match1) {","                    // jslint-hack","                    String(match0);","                    switch (match1) {","                    case 'npm_package_description':","                        return 'the greatest app in the world!';","                    case 'npm_package_name':","                        return 'my-app';","                    case 'npm_package_nameAlias':","                        return 'my_app';","                    case 'npm_package_version':","                        return '0.0.1';","                    }","                });","        }","        // run the cli","        if (local.global.utility2_rollup || module !== require.main) {","            break;","        }","        local.assetsDict['/assets.example.js'] =","            local.assetsDict['/assets.example.js'] ||","            local.fs.readFileSync(__filename, 'utf8');","        // bug-workaround - long $npm_package_buildCustomOrg","        /* jslint-ignore-begin */","        local.assetsDict['/assets.npmtest_linkifyjs.rollup.js'] =","            local.assetsDict['/assets.npmtest_linkifyjs.rollup.js'] ||","            local.fs.readFileSync(","                local.npmtest_linkifyjs.__dirname + '/lib.npmtest_linkifyjs.js',","                'utf8'","            ).replace((/^#!/), '//');","        /* jslint-ignore-end */","        local.assetsDict['/favicon.ico'] = local.assetsDict['/favicon.ico'] || '';","        // if $npm_config_timeout_exit exists,","        // then exit this process after $npm_config_timeout_exit ms","        if (Number(process.env.npm_config_timeout_exit)) {","            setTimeout(process.exit, Number(process.env.npm_config_timeout_exit));","        }","        // start server","        if (local.global.utility2_serverHttp1) {","            break;","        }","        process.env.PORT = process.env.PORT || '8081';","        console.error('server starting on port ' + process.env.PORT);","        local.http.createServer(function (request, response) {","            request.urlParsed = local.url.parse(request.url);","            if (local.assetsDict[request.urlParsed.pathname] !== undefined) {","                response.end(local.assetsDict[request.urlParsed.pathname]);","                return;","            }","            response.statusCode = 404;","            response.end();","        }).listen(process.env.PORT);","        break;","    }","}());",""],"l":{"26":2,"28":2,"33":2,"35":2,"37":2,"38":2,"39":2,"44":1,"51":2,"55":2,"59":2,"61":2,"69":1,"70":2,"76":2,"79":2,"82":2,"83":2,"85":1,"89":2,"92":1,"93":1,"94":1,"96":1,"97":1,"100":1,"101":1,"103":1,"106":1,"108":2,"114":1,"116":1,"118":1,"123":1,"124":2,"125":2,"126":3,"127":3,"128":3,"129":3,"130":1,"133":3,"134":3,"139":3,"143":1,"144":3,"145":1,"149":1,"150":1,"158":1,"160":1,"161":1,"162":1,"164":1,"166":1,"258":1,"259":1,"271":1,"274":6,"275":6,"277":1,"279":2,"281":1,"283":2,"288":1,"289":1,"291":1,"296":1,"303":1,"306":1,"307":1,"310":1,"311":1,"313":1,"314":1,"315":1,"316":1,"317":1,"318":1,"319":1,"321":1,"322":1,"324":1}},"/home/travis/build/npmtest/node-npmtest-linkifyjs/node_modules/linkifyjs/index.js":{"path":"/home/travis/build/npmtest/node-npmtest-linkifyjs/node_modules/linkifyjs/index.js","s":{"1":1},"b":{},"f":{},"fnMap":{},"statementMap":{"1":{"start":{"line":1,"column":0},"end":{"line":1,"column":42}}},"branchMap":{},"code":["module.exports = require('./lib/linkify');",""],"l":{"1":1}},"/home/travis/build/npmtest/node-npmtest-linkifyjs/node_modules/linkifyjs/lib/linkify.js":{"path":"/home/travis/build/npmtest/node-npmtest-linkifyjs/node_modules/linkifyjs/lib/linkify.js","s":{"1":1,"2":1,"3":1,"4":1,"5":1,"6":1,"7":1,"8":1,"9":1,"10":1,"11":3,"12":3,"13":0,"14":0,"15":0,"16":0,"17":0,"18":0,"19":0,"20":1,"21":0,"22":0,"23":1,"24":0,"25":1,"26":0,"27":0,"28":0,"29":0,"30":0,"31":0,"32":0,"33":0,"34":1,"35":0,"36":0,"37":0,"38":1,"39":1,"40":1,"41":1,"42":1,"43":1,"44":1},"b":{"1":[3,0],"2":[3,3],"3":[0,0],"4":[0,0],"5":[0,1],"6":[0,0],"7":[0,0],"8":[0,0],"9":[0,0,0],"10":[0,0],"11":[0,0],"12":[0,0,0,0]},"f":{"1":3,"2":0,"3":0,"4":0,"5":0},"fnMap":{"1":{"name":"_interopRequireWildcard","line":20,"loc":{"start":{"line":20,"column":0},"end":{"line":20,"column":38}}},"2":{"name":"(anonymous_2)","line":23,"loc":{"start":{"line":23,"column":17},"end":{"line":23,"column":32}}},"3":{"name":"tokenize","line":34,"loc":{"start":{"line":34,"column":15},"end":{"line":34,"column":38}}},"4":{"name":"find","line":41,"loc":{"start":{"line":41,"column":11},"end":{"line":41,"column":30}}},"5":{"name":"test","line":70,"loc":{"start":{"line":70,"column":11},"end":{"line":70,"column":30}}}},"statementMap":{"1":{"start":{"line":3,"column":0},"end":{"line":3,"column":26}},"2":{"start":{"line":4,"column":0},"end":{"line":4,"column":131}},"3":{"start":{"line":6,"column":0},"end":{"line":6,"column":46}},"4":{"start":{"line":8,"column":0},"end":{"line":8,"column":50}},"5":{"start":{"line":10,"column":0},"end":{"line":10,"column":48}},"6":{"start":{"line":12,"column":0},"end":{"line":12,"column":49}},"7":{"start":{"line":14,"column":0},"end":{"line":14,"column":48}},"8":{"start":{"line":16,"column":0},"end":{"line":16,"column":47}},"9":{"start":{"line":18,"column":0},"end":{"line":18,"column":46}},"10":{"start":{"line":20,"column":0},"end":{"line":20,"column":269}},"11":{"start":{"line":20,"column":40},"end":{"line":20,"column":267}},"12":{"start":{"line":20,"column":69},"end":{"line":20,"column":80}},"13":{"start":{"line":20,"column":90},"end":{"line":20,"column":106}},"14":{"start":{"line":20,"column":107},"end":{"line":20,"column":228}},"15":{"start":{"line":20,"column":126},"end":{"line":20,"column":226}},"16":{"start":{"line":20,"column":149},"end":{"line":20,"column":224}},"17":{"start":{"line":20,"column":201},"end":{"line":20,"column":224}},"18":{"start":{"line":20,"column":229},"end":{"line":20,"column":250}},"19":{"start":{"line":20,"column":251},"end":{"line":20,"column":265}},"20":{"start":{"line":22,"column":0},"end":{"line":26,"column":1}},"21":{"start":{"line":23,"column":1},"end":{"line":25,"column":3}},"22":{"start":{"line":24,"column":2},"end":{"line":24,"column":66}},"23":{"start":{"line":34,"column":0},"end":{"line":36,"column":2}},"24":{"start":{"line":35,"column":1},"end":{"line":35,"column":37}},"25":{"start":{"line":41,"column":0},"end":{"line":55,"column":2}},"26":{"start":{"line":42,"column":1},"end":{"line":42,"column":85}},"27":{"start":{"line":44,"column":1},"end":{"line":44,"column":28}},"28":{"start":{"line":45,"column":1},"end":{"line":45,"column":19}},"29":{"start":{"line":47,"column":1},"end":{"line":52,"column":2}},"30":{"start":{"line":48,"column":2},"end":{"line":48,"column":24}},"31":{"start":{"line":49,"column":2},"end":{"line":51,"column":3}},"32":{"start":{"line":50,"column":3},"end":{"line":50,"column":35}},"33":{"start":{"line":54,"column":1},"end":{"line":54,"column":17}},"34":{"start":{"line":70,"column":0},"end":{"line":75,"column":2}},"35":{"start":{"line":71,"column":1},"end":{"line":71,"column":85}},"36":{"start":{"line":73,"column":1},"end":{"line":73,"column":28}},"37":{"start":{"line":74,"column":1},"end":{"line":74,"column":86}},"38":{"start":{"line":79,"column":0},"end":{"line":79,"column":20}},"39":{"start":{"line":80,"column":0},"end":{"line":80,"column":35}},"40":{"start":{"line":81,"column":0},"end":{"line":81,"column":26}},"41":{"start":{"line":82,"column":0},"end":{"line":82,"column":24}},"42":{"start":{"line":83,"column":0},"end":{"line":83,"column":26}},"43":{"start":{"line":84,"column":0},"end":{"line":84,"column":20}},"44":{"start":{"line":85,"column":0},"end":{"line":85,"column":28}}},"branchMap":{"1":{"line":20,"type":"if","locations":[{"start":{"line":20,"column":40},"end":{"line":20,"column":40}},{"start":{"line":20,"column":40},"end":{"line":20,"column":40}}]},"2":{"line":20,"type":"binary-expr","locations":[{"start":{"line":20,"column":44},"end":{"line":20,"column":47}},{"start":{"line":20,"column":51},"end":{"line":20,"column":65}}]},"3":{"line":20,"type":"if","locations":[{"start":{"line":20,"column":107},"end":{"line":20,"column":107}},{"start":{"line":20,"column":107},"end":{"line":20,"column":107}}]},"4":{"line":20,"type":"if","locations":[{"start":{"line":20,"column":149},"end":{"line":20,"column":149}},{"start":{"line":20,"column":149},"end":{"line":20,"column":149}}]},"5":{"line":22,"type":"if","locations":[{"start":{"line":22,"column":0},"end":{"line":22,"column":0}},{"start":{"line":22,"column":0},"end":{"line":22,"column":0}}]},"6":{"line":42,"type":"cond-expr","locations":[{"start":{"line":42,"column":65},"end":{"line":42,"column":77}},{"start":{"line":42,"column":80},"end":{"line":42,"column":84}}]},"7":{"line":42,"type":"binary-expr","locations":[{"start":{"line":42,"column":12},"end":{"line":42,"column":32}},{"start":{"line":42,"column":36},"end":{"line":42,"column":62}}]},"8":{"line":49,"type":"if","locations":[{"start":{"line":49,"column":2},"end":{"line":49,"column":2}},{"start":{"line":49,"column":2},"end":{"line":49,"column":2}}]},"9":{"line":49,"type":"binary-expr","locations":[{"start":{"line":49,"column":6},"end":{"line":49,"column":18}},{"start":{"line":49,"column":23},"end":{"line":49,"column":28}},{"start":{"line":49,"column":32},"end":{"line":49,"column":51}}]},"10":{"line":71,"type":"cond-expr","locations":[{"start":{"line":71,"column":65},"end":{"line":71,"column":77}},{"start":{"line":71,"column":80},"end":{"line":71,"column":84}}]},"11":{"line":71,"type":"binary-expr","locations":[{"start":{"line":71,"column":12},"end":{"line":71,"column":32}},{"start":{"line":71,"column":36},"end":{"line":71,"column":62}}]},"12":{"line":74,"type":"binary-expr","locations":[{"start":{"line":74,"column":8},"end":{"line":74,"column":27}},{"start":{"line":74,"column":31},"end":{"line":74,"column":47}},{"start":{"line":74,"column":52},"end":{"line":74,"column":57}},{"start":{"line":74,"column":61},"end":{"line":74,"column":84}}]}},"code":["'use strict';","","exports.__esModule = true;","exports.tokenize = exports.test = exports.scanner = exports.parser = exports.options = exports.inherits = exports.find = undefined;","","var _class = require('./linkify/utils/class');","","var _options = require('./linkify/utils/options');","","var options = _interopRequireWildcard(_options);","","var _scanner = require('./linkify/core/scanner');","","var scanner = _interopRequireWildcard(_scanner);","","var _parser = require('./linkify/core/parser');","","var parser = _interopRequireWildcard(_parser);","","function _interopRequireWildcard(obj) { if (obj && obj.__esModule) { return obj; } else { var newObj = {}; if (obj != null) { for (var key in obj) { if (Object.prototype.hasOwnProperty.call(obj, key)) newObj[key] = obj[key]; } } newObj.default = obj; return newObj; } }","","if (!Array.isArray) {","\tArray.isArray = function (arg) {","\t\treturn Object.prototype.toString.call(arg) === '[object Array]';","\t};","}","","/**","\tConverts a string into tokens that represent linkable and non-linkable bits","\t@method tokenize","\t@param {String} str","\t@return {Array} tokens","*/","var tokenize = function tokenize(str) {","\treturn parser.run(scanner.run(str));","};","","/**","\tReturns a list of linkable items in the given string.","*/","var find = function find(str) {","\tvar type = arguments.length > 1 && arguments[1] !== undefined ? arguments[1] : null;","","\tvar tokens = tokenize(str);","\tvar filtered = [];","","\tfor (var i = 0; i < tokens.length; i++) {","\t\tvar token = tokens[i];","\t\tif (token.isLink && (!type || token.type === type)) {","\t\t\tfiltered.push(token.toObject());","\t\t}","\t}","","\treturn filtered;","};","","/**","\tIs the given string valid linkable text of some sort","\tNote that this does not trim the text for you.","","\tOptionally pass in a second `type` param, which is the type of link to test","\tfor.","","\tFor example,","","\t\ttest(str, 'email');","","\tWill return `true` if str is a valid email.","*/","var test = function test(str) {","\tvar type = arguments.length > 1 && arguments[1] !== undefined ? arguments[1] : null;","","\tvar tokens = tokenize(str);","\treturn tokens.length === 1 && tokens[0].isLink && (!type || tokens[0].type === type);","};","","// Scanner and parser provide states and tokens for the lexicographic stage","// (will be used to add additional link types)","exports.find = find;","exports.inherits = _class.inherits;","exports.options = options;","exports.parser = parser;","exports.scanner = scanner;","exports.test = test;","exports.tokenize = tokenize;"],"l":{"3":1,"4":1,"6":1,"8":1,"10":1,"12":1,"14":1,"16":1,"18":1,"20":3,"22":1,"23":0,"24":0,"34":1,"35":0,"41":1,"42":0,"44":0,"45":0,"47":0,"48":0,"49":0,"50":0,"54":0,"70":1,"71":0,"73":0,"74":0,"79":1,"80":1,"81":1,"82":1,"83":1,"84":1,"85":1}},"/home/travis/build/npmtest/node-npmtest-linkifyjs/node_modules/linkifyjs/lib/linkify/utils/class.js":{"path":"/home/travis/build/npmtest/node-npmtest-linkifyjs/node_modules/linkifyjs/lib/linkify/utils/class.js","s":{"1":1,"2":1,"3":1,"4":34,"5":34,"6":34,"7":33,"8":34,"9":34,"10":34},"b":{"1":[34,0],"2":[34,34]},"f":{"1":34},"fnMap":{"1":{"name":"inherits","line":5,"loc":{"start":{"line":5,"column":0},"end":{"line":5,"column":33}}}},"statementMap":{"1":{"start":{"line":3,"column":0},"end":{"line":3,"column":26}},"2":{"start":{"line":4,"column":0},"end":{"line":4,"column":28}},"3":{"start":{"line":5,"column":0},"end":{"line":15,"column":1}},"4":{"start":{"line":6,"column":1},"end":{"line":6,"column":84}},"5":{"start":{"line":8,"column":1},"end":{"line":8,"column":48}},"6":{"start":{"line":9,"column":1},"end":{"line":11,"column":2}},"7":{"start":{"line":10,"column":2},"end":{"line":10,"column":25}},"8":{"start":{"line":12,"column":1},"end":{"line":12,"column":30}},"9":{"start":{"line":13,"column":1},"end":{"line":13,"column":28}},"10":{"start":{"line":14,"column":1},"end":{"line":14,"column":14}}},"branchMap":{"1":{"line":6,"type":"cond-expr","locations":[{"start":{"line":6,"column":66},"end":{"line":6,"column":78}},{"start":{"line":6,"column":81},"end":{"line":6,"column":83}}]},"2":{"line":6,"type":"binary-expr","locations":[{"start":{"line":6,"column":13},"end":{"line":6,"column":33}},{"start":{"line":6,"column":37},"end":{"line":6,"column":63}}]}},"code":["\"use strict\";","","exports.__esModule = true;","exports.inherits = inherits;","function inherits(parent, child) {","\tvar props = arguments.length > 2 && arguments[2] !== undefined ? arguments[2] : {};","","\tvar extended = Object.create(parent.prototype);","\tfor (var p in props) {","\t\textended[p] = props[p];","\t}","\textended.constructor = child;","\tchild.prototype = extended;","\treturn child;","}"],"l":{"3":1,"4":1,"5":1,"6":34,"8":34,"9":34,"10":33,"12":34,"13":34,"14":34}},"/home/travis/build/npmtest/node-npmtest-linkifyjs/node_modules/linkifyjs/lib/linkify/utils/options.js":{"path":"/home/travis/build/npmtest/node-npmtest-linkifyjs/node_modules/linkifyjs/lib/linkify/utils/options.js","s":{"1":1,"2":1,"3":0,"4":0,"5":1,"6":1,"7":1,"8":1,"9":1,"10":0,"11":0,"12":0,"13":0,"14":0,"15":0,"16":0,"17":0,"18":0,"19":0,"20":0,"21":0,"22":0,"23":0,"24":0,"25":1,"26":0,"27":0,"28":0,"29":0,"30":0,"31":0,"32":0,"33":0,"34":0,"35":0,"36":0,"37":0,"38":0,"39":1,"40":0,"41":0,"42":0,"43":0,"44":1,"45":0,"46":1,"47":0},"b":{"1":[1,0],"2":[1,1],"3":[0,0],"4":[0,0,0,0],"5":[0,0],"6":[0,0],"7":[0,0],"8":[0,0],"9":[0,0],"10":[0,0],"11":[0,0],"12":[0,0],"13":[0,0],"14":[0,0,0],"15":[0,0,0],"16":[0,0],"17":[0,0],"18":[0,0],"19":[0,0],"20":[0,0],"21":[0,0],"22":[0,0],"23":[0,0],"24":[0,0]},"f":{"1":0,"2":0,"3":0,"4":0,"5":0,"6":0,"7":0,"8":0,"9":0,"10":0},"fnMap":{"1":{"name":"(anonymous_1)","line":5,"loc":{"start":{"line":5,"column":84},"end":{"line":5,"column":99}}},"2":{"name":"(anonymous_2)","line":5,"loc":{"start":{"line":5,"column":124},"end":{"line":5,"column":139}}},"3":{"name":"Options","line":25,"loc":{"start":{"line":25,"column":0},"end":{"line":25,"column":23}}},"4":{"name":"resolve","line":54,"loc":{"start":{"line":54,"column":10},"end":{"line":54,"column":34}}},"5":{"name":"check","line":72,"loc":{"start":{"line":72,"column":8},"end":{"line":72,"column":30}}},"6":{"name":"get","line":86,"loc":{"start":{"line":86,"column":6},"end":{"line":86,"column":41}}},"7":{"name":"getObject","line":103,"loc":{"start":{"line":103,"column":12},"end":{"line":103,"column":53}}},"8":{"name":"contains","line":112,"loc":{"start":{"line":112,"column":0},"end":{"line":112,"column":30}}},"9":{"name":"noop","line":121,"loc":{"start":{"line":121,"column":0},"end":{"line":121,"column":19}}},"10":{"name":"typeToTarget","line":125,"loc":{"start":{"line":125,"column":0},"end":{"line":125,"column":34}}}},"statementMap":{"1":{"start":{"line":3,"column":0},"end":{"line":3,"column":26}},"2":{"start":{"line":5,"column":0},"end":{"line":5,"column":269}},"3":{"start":{"line":5,"column":101},"end":{"line":5,"column":119}},"4":{"start":{"line":5,"column":141},"end":{"line":5,"column":266}},"5":{"start":{"line":7,"column":0},"end":{"line":18,"column":26}},"6":{"start":{"line":20,"column":0},"end":{"line":20,"column":28}},"7":{"start":{"line":21,"column":0},"end":{"line":21,"column":26}},"8":{"start":{"line":22,"column":0},"end":{"line":22,"column":28}},"9":{"start":{"line":25,"column":0},"end":{"line":48,"column":1}},"10":{"start":{"line":26,"column":1},"end":{"line":26,"column":19}},"11":{"start":{"line":28,"column":1},"end":{"line":28,"column":73}},"12":{"start":{"line":29,"column":1},"end":{"line":29,"column":46}},"13":{"start":{"line":30,"column":1},"end":{"line":30,"column":46}},"14":{"start":{"line":31,"column":1},"end":{"line":31,"column":58}},"15":{"start":{"line":32,"column":1},"end":{"line":32,"column":43}},"16":{"start":{"line":33,"column":1},"end":{"line":33,"column":49}},"17":{"start":{"line":34,"column":1},"end":{"line":34,"column":46}},"18":{"start":{"line":35,"column":1},"end":{"line":35,"column":52}},"19":{"start":{"line":36,"column":1},"end":{"line":36,"column":22}},"20":{"start":{"line":39,"column":1},"end":{"line":39,"column":81}},"21":{"start":{"line":40,"column":1},"end":{"line":40,"column":73}},"22":{"start":{"line":44,"column":1},"end":{"line":44,"column":58}},"23":{"start":{"line":45,"column":1},"end":{"line":47,"column":2}},"24":{"start":{"line":46,"column":2},"end":{"line":46,"column":53}},"25":{"start":{"line":50,"column":0},"end":{"line":107,"column":2}},"26":{"start":{"line":55,"column":2},"end":{"line":55,"column":48}},"27":{"start":{"line":56,"column":2},"end":{"line":64,"column":4}},"28":{"start":{"line":73,"column":2},"end":{"line":73,"column":55}},"29":{"start":{"line":87,"column":2},"end":{"line":87,"column":25}},"30":{"start":{"line":89,"column":2},"end":{"line":91,"column":3}},"31":{"start":{"line":90,"column":3},"end":{"line":90,"column":17}},"32":{"start":{"line":93,"column":2},"end":{"line":99,"column":3}},"33":{"start":{"line":95,"column":4},"end":{"line":95,"column":40}},"34":{"start":{"line":97,"column":4},"end":{"line":97,"column":58}},"35":{"start":{"line":98,"column":4},"end":{"line":98,"column":95}},"36":{"start":{"line":101,"column":2},"end":{"line":101,"column":16}},"37":{"start":{"line":104,"column":2},"end":{"line":104,"column":25}},"38":{"start":{"line":105,"column":2},"end":{"line":105,"column":78}},"39":{"start":{"line":112,"column":0},"end":{"line":119,"column":1}},"40":{"start":{"line":113,"column":1},"end":{"line":117,"column":2}},"41":{"start":{"line":114,"column":2},"end":{"line":116,"column":3}},"42":{"start":{"line":115,"column":3},"end":{"line":115,"column":15}},"43":{"start":{"line":118,"column":1},"end":{"line":118,"column":14}},"44":{"start":{"line":121,"column":0},"end":{"line":123,"column":1}},"45":{"start":{"line":122,"column":1},"end":{"line":122,"column":12}},"46":{"start":{"line":125,"column":0},"end":{"line":127,"column":1}},"47":{"start":{"line":126,"column":1},"end":{"line":126,"column":41}}},"branchMap":{"1":{"line":5,"type":"cond-expr","locations":[{"start":{"line":5,"column":84},"end":{"line":5,"column":121}},{"start":{"line":5,"column":124},"end":{"line":5,"column":268}}]},"2":{"line":5,"type":"binary-expr","locations":[{"start":{"line":5,"column":14},"end":{"line":5,"column":42}},{"start":{"line":5,"column":46},"end":{"line":5,"column":81}}]},"3":{"line":5,"type":"cond-expr","locations":[{"start":{"line":5,"column":244},"end":{"line":5,"column":252}},{"start":{"line":5,"column":255},"end":{"line":5,"column":265}}]},"4":{"line":5,"type":"binary-expr","locations":[{"start":{"line":5,"column":148},"end":{"line":5,"column":151}},{"start":{"line":5,"column":155},"end":{"line":5,"column":183}},{"start":{"line":5,"column":187},"end":{"line":5,"column":213}},{"start":{"line":5,"column":217},"end":{"line":5,"column":241}}]},"5":{"line":26,"type":"binary-expr","locations":[{"start":{"line":26,"column":8},"end":{"line":26,"column":12}},{"start":{"line":26,"column":16},"end":{"line":26,"column":18}}]},"6":{"line":28,"type":"binary-expr","locations":[{"start":{"line":28,"column":24},"end":{"line":28,"column":44}},{"start":{"line":28,"column":48},"end":{"line":28,"column":72}}]},"7":{"line":29,"type":"binary-expr","locations":[{"start":{"line":29,"column":15},"end":{"line":29,"column":26}},{"start":{"line":29,"column":30},"end":{"line":29,"column":45}}]},"8":{"line":30,"type":"binary-expr","locations":[{"start":{"line":30,"column":15},"end":{"line":30,"column":26}},{"start":{"line":30,"column":30},"end":{"line":30,"column":45}}]},"9":{"line":31,"type":"binary-expr","locations":[{"start":{"line":31,"column":19},"end":{"line":31,"column":34}},{"start":{"line":31,"column":38},"end":{"line":31,"column":57}}]},"10":{"line":32,"type":"binary-expr","locations":[{"start":{"line":32,"column":14},"end":{"line":32,"column":24}},{"start":{"line":32,"column":28},"end":{"line":32,"column":42}}]},"11":{"line":33,"type":"binary-expr","locations":[{"start":{"line":33,"column":16},"end":{"line":33,"column":28}},{"start":{"line":33,"column":32},"end":{"line":33,"column":48}}]},"12":{"line":34,"type":"binary-expr","locations":[{"start":{"line":34,"column":15},"end":{"line":34,"column":26}},{"start":{"line":34,"column":30},"end":{"line":34,"column":45}}]},"13":{"line":35,"type":"binary-expr","locations":[{"start":{"line":35,"column":17},"end":{"line":35,"column":30}},{"start":{"line":35,"column":34},"end":{"line":35,"column":51}}]},"14":{"line":39,"type":"binary-expr","locations":[{"start":{"line":39,"column":19},"end":{"line":39,"column":34}},{"start":{"line":39,"column":38},"end":{"line":39,"column":57}},{"start":{"line":39,"column":61},"end":{"line":39,"column":80}}]},"15":{"line":40,"type":"binary-expr","locations":[{"start":{"line":40,"column":18},"end":{"line":40,"column":32}},{"start":{"line":40,"column":36},"end":{"line":40,"column":50}},{"start":{"line":40,"column":54},"end":{"line":40,"column":72}}]},"16":{"line":44,"type":"binary-expr","locations":[{"start":{"line":44,"column":19},"end":{"line":44,"column":34}},{"start":{"line":44,"column":38},"end":{"line":44,"column":57}}]},"17":{"line":89,"type":"if","locations":[{"start":{"line":89,"column":2},"end":{"line":89,"column":2}},{"start":{"line":89,"column":2},"end":{"line":89,"column":2}}]},"18":{"line":93,"type":"switch","locations":[{"start":{"line":94,"column":3},"end":{"line":95,"column":40}},{"start":{"line":96,"column":3},"end":{"line":98,"column":95}}]},"19":{"line":93,"type":"cond-expr","locations":[{"start":{"line":93,"column":42},"end":{"line":93,"column":53}},{"start":{"line":93,"column":56},"end":{"line":93,"column":71}}]},"20":{"line":97,"type":"binary-expr","locations":[{"start":{"line":97,"column":22},"end":{"line":97,"column":40}},{"start":{"line":97,"column":44},"end":{"line":97,"column":57}}]},"21":{"line":98,"type":"cond-expr","locations":[{"start":{"line":98,"column":47},"end":{"line":98,"column":80}},{"start":{"line":98,"column":83},"end":{"line":98,"column":94}}]},"22":{"line":105,"type":"cond-expr","locations":[{"start":{"line":105,"column":40},"end":{"line":105,"column":68}},{"start":{"line":105,"column":71},"end":{"line":105,"column":77}}]},"23":{"line":114,"type":"if","locations":[{"start":{"line":114,"column":2},"end":{"line":114,"column":2}},{"start":{"line":114,"column":2},"end":{"line":114,"column":2}}]},"24":{"line":126,"type":"cond-expr","locations":[{"start":{"line":126,"column":25},"end":{"line":126,"column":33}},{"start":{"line":126,"column":36},"end":{"line":126,"column":40}}]}},"code":["'use strict';","","exports.__esModule = true;","","var _typeof = typeof Symbol === \"function\" && typeof Symbol.iterator === \"symbol\" ? function (obj) { return typeof obj; } : function (obj) { return obj && typeof Symbol === \"function\" && obj.constructor === Symbol && obj !== Symbol.prototype ? \"symbol\" : typeof obj; };","","var defaults = {","\tdefaultProtocol: 'http',","\tevents: null,","\tformat: noop,","\tformatHref: noop,","\tnl2br: false,","\ttagName: 'a',","\ttarget: typeToTarget,","\tvalidate: true,","\tignoreTags: [],","\tattributes: null,","\tclassName: 'linkified' };","","exports.defaults = defaults;","exports.Options = Options;","exports.contains = contains;","","","function Options(opts) {","\topts = opts || {};","","\tthis.defaultProtocol = opts.defaultProtocol || defaults.defaultProtocol;","\tthis.events = opts.events || defaults.events;","\tthis.format = opts.format || defaults.format;","\tthis.formatHref = opts.formatHref || defaults.formatHref;","\tthis.nl2br = opts.nl2br || defaults.nl2br;","\tthis.tagName = opts.tagName || defaults.tagName;","\tthis.target = opts.target || defaults.target;","\tthis.validate = opts.validate || defaults.validate;","\tthis.ignoreTags = [];","","\t// linkAttributes and linkClass is deprecated","\tthis.attributes = opts.attributes || opts.linkAttributes || defaults.attributes;","\tthis.className = opts.className || opts.linkClass || defaults.className;","","\t// Make all tags names upper case","","\tvar ignoredTags = opts.ignoreTags || defaults.ignoreTags;","\tfor (var i = 0; i < ignoredTags.length; i++) {","\t\tthis.ignoreTags.push(ignoredTags[i].toUpperCase());","\t}","}","","Options.prototype = {","\t/**","  * Given the token, return all options for how it should be displayed","  */","\tresolve: function resolve(token) {","\t\tvar href = token.toHref(this.defaultProtocol);","\t\treturn {","\t\t\tformatted: this.get('format', token.toString(), token),","\t\t\tformattedHref: this.get('formatHref', href, token),","\t\t\ttagName: this.get('tagName', href, token),","\t\t\tclassName: this.get('className', href, token),","\t\t\ttarget: this.get('target', href, token),","\t\t\tevents: this.getObject('events', href, token),","\t\t\tattributes: this.getObject('attributes', href, token)","\t\t};","\t},","","","\t/**","  * Returns true or false based on whether a token should be displayed as a","  * link based on the user options. By default,","  */","\tcheck: function check(token) {","\t\treturn this.get('validate', token.toString(), token);","\t},","","","\t// Private methods","","\t/**","  * Resolve an option's value based on the value of the option and the given","  * params.","  * @param [String] key Name of option to use","  * @param operator will be passed to the target option if it's method","  * @param [MultiToken] token The token from linkify.tokenize","  */","\tget: function get(key, operator, token) {","\t\tvar option = this[key];","","\t\tif (!option) {","\t\t\treturn option;","\t\t}","","\t\tswitch (typeof option === 'undefined' ? 'undefined' : _typeof(option)) {","\t\t\tcase 'function':","\t\t\t\treturn option(operator, token.type);","\t\t\tcase 'object':","\t\t\t\tvar optionValue = option[token.type] || defaults[key];","\t\t\t\treturn typeof optionValue === 'function' ? optionValue(operator, token.type) : optionValue;","\t\t}","","\t\treturn option;","\t},","\tgetObject: function getObject(key, operator, token) {","\t\tvar option = this[key];","\t\treturn typeof option === 'function' ? option(operator, token.type) : option;","\t}","};","","/**"," * Quick indexOf replacement for checking the ignoreTags option"," */","function contains(arr, value) {","\tfor (var i = 0; i < arr.length; i++) {","\t\tif (arr[i] === value) {","\t\t\treturn true;","\t\t}","\t}","\treturn false;","}","","function noop(val) {","\treturn val;","}","","function typeToTarget(href, type) {","\treturn type === 'url' ? '_blank' : null;","}"],"l":{"3":1,"5":1,"7":1,"20":1,"21":1,"22":1,"25":1,"26":0,"28":0,"29":0,"30":0,"31":0,"32":0,"33":0,"34":0,"35":0,"36":0,"39":0,"40":0,"44":0,"45":0,"46":0,"50":1,"55":0,"56":0,"73":0,"87":0,"89":0,"90":0,"93":0,"95":0,"97":0,"98":0,"101":0,"104":0,"105":0,"112":1,"113":0,"114":0,"115":0,"118":0,"121":1,"122":0,"125":1,"126":0}},"/home/travis/build/npmtest/node-npmtest-linkifyjs/node_modules/linkifyjs/lib/linkify/core/scanner.js":{"path":"/home/travis/build/npmtest/node-npmtest-linkifyjs/node_modules/linkifyjs/lib/linkify/core/scanner.js","s":{"1":1,"2":1,"3":1,"4":1,"5":1,"6":1,"7":1,"8":1,"9":0,"10":0,"11":0,"12":0,"13":0,"14":0,"15":0,"16":1,"17":1,"18":1,"19":1,"20":1,"21":1,"22":28,"23":1,"24":1,"25":1,"26":1,"27":1,"28":1,"29":1,"30":1,"31":1,"32":1131,"33":1131,"34":1,"35":1,"36":1,"37":1,"38":1,"39":1,"40":1,"41":1,"42":1,"43":1,"44":1,"45":1,"46":1,"47":1,"48":1,"49":1,"50":1,"51":1,"52":1,"53":1,"54":1,"55":1,"56":1,"57":1,"58":1,"59":1,"60":3181,"61":1,"62":1,"63":1,"64":0,"65":0,"66":0,"67":0,"68":0,"69":0,"70":0,"71":0,"72":0,"73":0,"74":0,"75":0,"76":0,"77":0,"78":0,"79":0,"80":0,"81":0,"82":0,"83":0,"84":0,"85":0,"86":0,"87":0,"88":0,"89":0,"90":0,"91":0,"92":0,"93":1,"94":1,"95":1,"96":1,"97":1},"b":{"1":[1,0],"2":[1,1],"3":[0,0],"4":[0,0],"5":[0,0],"6":[0,0],"7":[0,0],"8":[0,0]},"f":{"1":1,"2":28,"3":0,"4":0},"fnMap":{"1":{"name":"_interopRequireWildcard","line":12,"loc":{"start":{"line":12,"column":0},"end":{"line":12,"column":38}}},"2":{"name":"makeState","line":30,"loc":{"start":{"line":30,"column":16},"end":{"line":30,"column":47}}},"3":{"name":"run","line":120,"loc":{"start":{"line":120,"column":10},"end":{"line":120,"column":28}}},"4":{"name":"(anonymous_4)","line":126,"loc":{"start":{"line":126,"column":38},"end":{"line":126,"column":51}}}},"statementMap":{"1":{"start":{"line":3,"column":0},"end":{"line":3,"column":26}},"2":{"start":{"line":4,"column":0},"end":{"line":4,"column":73}},"3":{"start":{"line":6,"column":0},"end":{"line":6,"column":32}},"4":{"start":{"line":8,"column":0},"end":{"line":8,"column":37}},"5":{"start":{"line":10,"column":0},"end":{"line":10,"column":44}},"6":{"start":{"line":12,"column":0},"end":{"line":12,"column":269}},"7":{"start":{"line":12,"column":40},"end":{"line":12,"column":267}},"8":{"start":{"line":12,"column":69},"end":{"line":12,"column":80}},"9":{"start":{"line":12,"column":90},"end":{"line":12,"column":106}},"10":{"start":{"line":12,"column":107},"end":{"line":12,"column":228}},"11":{"start":{"line":12,"column":126},"end":{"line":12,"column":226}},"12":{"start":{"line":12,"column":149},"end":{"line":12,"column":224}},"13":{"start":{"line":12,"column":201},"end":{"line":12,"column":224}},"14":{"start":{"line":12,"column":229},"end":{"line":12,"column":250}},"15":{"start":{"line":12,"column":251},"end":{"line":12,"column":265}},"16":{"start":{"line":14,"column":0},"end":{"line":14,"column":6613}},"17":{"start":{"line":25,"column":0},"end":{"line":25,"column":37}},"18":{"start":{"line":26,"column":0},"end":{"line":26,"column":64}},"19":{"start":{"line":27,"column":0},"end":{"line":27,"column":75}},"20":{"start":{"line":29,"column":0},"end":{"line":29,"column":22}},"21":{"start":{"line":30,"column":0},"end":{"line":32,"column":2}},"22":{"start":{"line":31,"column":1},"end":{"line":31,"column":46}},"23":{"start":{"line":35,"column":0},"end":{"line":35,"column":26}},"24":{"start":{"line":36,"column":0},"end":{"line":36,"column":33}},"25":{"start":{"line":37,"column":0},"end":{"line":37,"column":39}},"26":{"start":{"line":38,"column":0},"end":{"line":38,"column":34}},"27":{"start":{"line":39,"column":0},"end":{"line":39,"column":31}},"28":{"start":{"line":42,"column":0},"end":{"line":42,"column":670}},"29":{"start":{"line":46,"column":0},"end":{"line":46,"column":59}},"30":{"start":{"line":49,"column":0},"end":{"line":49,"column":26}},"31":{"start":{"line":53,"column":0},"end":{"line":56,"column":1}},"32":{"start":{"line":54,"column":1},"end":{"line":54,"column":81}},"33":{"start":{"line":55,"column":1},"end":{"line":55,"column":50}},"34":{"start":{"line":59,"column":0},"end":{"line":59,"column":98}},"35":{"start":{"line":60,"column":0},"end":{"line":60,"column":96}},"36":{"start":{"line":61,"column":0},"end":{"line":61,"column":98}},"37":{"start":{"line":62,"column":0},"end":{"line":62,"column":102}},"38":{"start":{"line":65,"column":0},"end":{"line":65,"column":65}},"39":{"start":{"line":66,"column":0},"end":{"line":66,"column":64}},"40":{"start":{"line":67,"column":0},"end":{"line":67,"column":65}},"41":{"start":{"line":70,"column":0},"end":{"li
[...]
ks',","\t'supplies',","\t'supply',","\t'support',","\t'surf',","\t'surgery',","\t'suzuki',","\t'sv',","\t'swatch',","\t'swiss',","\t'sx',","\t'sy',","\t'sydney',","\t'symantec',","\t'systems',","\t'sz',","\t'tab',","\t'taipei',","\t'taobao',","\t'tatamotors',","\t'tatar',","\t'tattoo',","\t'tax',","\t'taxi',","\t'tc',","\t'tci',","\t'td',","\t'team',","\t'tech',","\t'technology',","\t'tel',","\t'telecity',","\t'telefonica',","\t'temasek',","\t'tennis',","\t'tf',","\t'tg',","\t'th',","\t'thd',","\t'theater',","\t'theatre',","\t'tickets',","\t'tienda',","\t'tiffany',","\t'tips',","\t'tires',","\t'tirol',","\t'tj',","\t'tk',","\t'tl',","\t'tm',","\t'tmall',","\t'tn',","\t'to',","\t'today',","\t'tokyo',","\t'tools',","\t'top',","\t'toray',","\t'toshiba',","\t'total',","\t'tours',","\t'town',","\t'toyota',","\t'toys',","\t'tp',","\t'tr',","\t'trade',","\t'trading',","\t'training',","\t'travel',","\t'travelers',","\t'travelersinsurance',","\t'trust',","\t'trv',","\t'tt',","\t'tube',","\t'tui',","\t'tunes',","\t'tushu',","\t'tv',","\t'tvs',","\t'tw',","\t'tz',","\t'ua',","\t'ubs',","\t'ug',","\t'uk',","\t'unicom',","\t'university',","\t'uno',","\t'uol',","\t'us',","\t'uy',","\t'uz',","\t'va',","\t'vacations',","\t'vana',","\t'vc',","\t've',","\t'vegas',","\t'ventures',","\t'verisign',","\t'versicherung',","\t'vet',","\t'vg',","\t'vi',","\t'viajes',","\t'video',","\t'viking',","\t'villas',","\t'vin',","\t'vip',","\t'virgin',","\t'vision',","\t'vista',","\t'vistaprint',","\t'viva',","\t'vlaanderen',","\t'vn',","\t'vodka',","\t'volkswagen',","\t'vote',","\t'voting',","\t'voto',","\t'voyage',","\t'vu',","\t'vuelos',","\t'wales',","\t'walter',","\t'wang',","\t'wanggou',","\t'watch',","\t'watches',","\t'weather',","\t'weatherchannel',","\t'webcam',","\t'weber',","\t'website',","\t'wed',","\t'wedding',","\t'weir',","\t'wf',","\t'whoswho',","\t'wien',","\t'wiki',","\t'williamhill',","\t'win',","\t'windows',","\t'wine',","\t'wme',","\t'wolterskluwer',","\t'work',","\t'works',","\t'world',","\t'ws',","\t'wtc',","\t'wtf',","\t'xbox',","\t'xerox',","\t'xin',","\t'xperia',","\t'xxx',","\t'xyz',","\t'yachts',","\t'yahoo',","\t'yamaxun',","\t'yandex',","\t'ye',","\t'yodobashi',","\t'yoga',","\t'yokohama',","\t'youtube',","\t'yt',","\t'za',","\t'zara',","\t'zero',","\t'zip',","\t'zm',","\t'zone',","\t'zuerich',","\t'zw'","];",""],"l":{"4":1}},"/home/travis/build/npmtest/node-npmtest-linkifyjs/node_modules/linkifyjs/plugins/hashtag.js":{"path":"/home/travis/build/npmtest/node-npmtest-linkifyjs/node_modules/linkifyjs/plugins/hashtag.js","s":{"1":1},"b":{},"f":{},"fnMap":{},"statementMap":{"1":{"start":{"line":1,"column":0},"end":{"line":1,"column":67}}},"branchMap":{},"code":["module.exports = require('../lib/linkify/plugins/hashtag').default;",""],"l":{"1":1}},"/home/travis/build/npmtest/node-npmtest-linkifyjs/node_modules/linkifyjs/lib/linkify/plugins/hashtag.js":{"path":"/home/travis/build/npmtest/node-npmtest-linkifyjs/node_modules/linkifyjs/lib/linkify/plugins/hashtag.js","s":{"1":1,"2":1,"3":1,"4":0,"5":0,"6":0,"7":1,"8":0,"9":0,"10":0,"11":0,"12":0,"13":0,"14":0},"b":{},"f":{"1":0,"2":0},"fnMap":{"1":{"name":"hashtag","line":8,"loc":{"start":{"line":8,"column":0},"end":{"line":8,"column":26}}},"2":{"name":"HASHTAG","line":13,"loc":{"start":{"line":13,"column":1},"end":{"line":13,"column":25}}}},"statementMap":{"1":{"start":{"line":3,"column":0},"end":{"line":3,"column":26}},"2":{"start":{"line":4,"column":0},"end":{"line":4,"column":26}},"3":{"start":{"line":8,"column":0},"end":{"line":28,"column":1}},"4":{"start":{"line":9,"column":1},"end":{"line":9,"column":33}},"5":{"start":{"line":10,"column":1},"end":{"line":10,"column":45}},"6":{"start":{"line":11,"column":1},"end":{"line":11,"column":36}},"7":{"start":{"line":13,"column":1},"end":{"line":15,"column":2}},"8":{"start":{"line":14,"column":2},"end":{"line":14,"column":17}},"9":{"start":{"line":17,"column":1},"end":{"line":20,"column":4}},"10":{"start":{"line":22,"column":1},"end":{"line":22,"column":37}},"11":{"start":{"line":23,"column":1},"end":{"line":23,"column":51}},"12":{"start":{"line":25,"column":1},"end":{"line":25,"column":33}},"13":{"start":{"line":26,"column":1},"end":{"line":26,"column":30}},"14":{"start":{"line":27,"column":1},"end":{"line":27,"column":36}}},"branchMap":{},"code":["'use strict';","","exports.__esModule = true;","exports.default = hashtag;","/**","\tQuick Hashtag parser plugin for linkify","*/","function hashtag(linkify) {","\tvar TT = linkify.scanner.TOKENS; // Text tokens","\tvar MultiToken = linkify.parser.TOKENS.Base; // Base Multi token class","\tvar S_START = linkify.parser.start;","","\tfunction HASHTAG(value) {","\t\tthis.v = value;","\t}","","\tlinkify.inherits(MultiToken, HASHTAG, {","\t\ttype: 'hashtag',","\t\tisLink: true","\t});","","\tvar S_HASH = S_START.jump(TT.POUND);","\tvar S_HASHTAG = new linkify.parser.State(HASHTAG);","","\tS_HASH.on(TT.DOMAIN, S_HASHTAG);","\tS_HASH.on(TT.TLD, S_HASHTAG);","\tS_HASH.on(TT.LOCALHOST, S_HASHTAG);","}"],"l":{"3":1,"4":1,"8":1,"9":0,"10":0,"11":0,"13":1,"14":0,"17":0,"22":0,"23":0,"25":0,"26":0,"27":0}},"/home/travis/build/npmtest/node-npmtest-linkifyjs/node_modules/linkifyjs/plugins/mention.js":{"path":"/home/travis/build/npmtest/node-npmtest-linkifyjs/node_modules/linkifyjs/plugins/mention.js","s":{"1":1},"b":{},"f":{},"fnMap":{},"statementMap":{"1":{"start":{"line":1,"column":0},"end":{"line":1,"column":67}}},"branchMap":{},"code":["module.exports = require('../lib/linkify/plugins/mention').default;",""],"l":{"1":1}},"/home/travis/build/npmtest/node-npmtest-linkifyjs/node_modules/linkifyjs/lib/linkify/plugins/mention.js":{"path":"/home/travis/build/npmtest/node-npmtest-linkifyjs/node_modules/linkifyjs/lib/linkify/plugins/mention.js","s":{"1":1,"2":1,"3":1,"4":0,"5":0,"6":0,"7":0,"8":0,"9":0,"10":0,"11":0,"12":0,"13":0,"14":0,"15":1,"16":0,"17":0,"18":0,"19":0,"20":0,"21":0,"22":0,"23":0,"24":0,"25":0,"26":0,"27":0,"28":0,"29":0,"30":0,"31":0,"32":0,"33":0},"b":{},"f":{"1":0,"2":0,"3":0},"fnMap":{"1":{"name":"mention","line":8,"loc":{"start":{"line":8,"column":0},"end":{"line":8,"column":26}}},"2":{"name":"MENTION","line":25,"loc":{"start":{"line":25,"column":1},"end":{"line":25,"column":25}}},"3":{"name":"toHref","line":32,"loc":{"start":{"line":32,"column":10},"end":{"line":32,"column":28}}}},"statementMap":{"1":{"start":{"line":3,"column":0},"end":{"line":3,"column":26}},"2":{"start":{"line":4,"column":0},"end":{"line":4,"column":26}},"3":{"start":{"line":8,"column":0},"end":{"line":68,"column":1}},"4":{"start":{"line":9,"column":1},"end":{"line":9,"column":33}},"5":{"start":{"line":10,"column":1},"end":{"line":12,"column":35}},"6":{"start":{"line":14,"column":1},"end":{"line":14,"column":26}},"7":{"start":{"line":15,"column":1},"end":{"line":15,"column":36}},"8":{"start":{"line":17,"column":1},"end":{"line":17,"column":27}},"9":{"start":{"line":18,"column":1},"end":{"line":18,"column":33}},"10":{"start":{"line":19,"column":1},"end":{"line":19,"column":21}},"11":{"start":{"line":20,"column":1},"end":{"line":20,"column":25}},"12":{"start":{"line":21,"column":1},"end":{"line":21,"column":21}},"13":{"start":{"line":22,"column":1},"end":{"line":22,"column":35}},"14":{"start":{"line":23,"column":1},"end":{"line":23,"column":21}},"15":{"start":{"line":25,"column":1},"end":{"line":27,"column":2}},"16":{"start":{"line":26,"column":2},"end":{"line":26,"column":17}},"17":{"start":{"line":29,"column":1},"end":{"line":35,"column":4}},"18":{"start":{"line":33,"column":3},"end":{"line":33,"column":42}},"19":{"start":{"line":37,"column":1},"end":{"line":37,"column":32}},"20":{"start":{"line":38,"column":1},"end":{"line":38,"column":29}},"21":{"start":{"line":39,"column":1},"end":{"line":39,"column":36}},"22":{"start":{"line":40,"column":1},"end":{"line":40,"column":37}},"23":{"start":{"line":41,"column":1},"end":{"line":41,"column":42}},"24":{"start":{"line":44,"column":1},"end":{"line":44,"column":35}},"25":{"start":{"line":47,"column":1},"end":{"line":47,"column":62}},"26":{"start":{"line":50,"column":1},"end":{"line":50,"column":103}},"27":{"start":{"line":52,"column":1},"end":{"line":52,"column":108}},"28":{"start":{"line":55,"column":1},"end":{"line":55,"column":137}},"29":{"start":{"line":58,"column":1},"end":{"line":58,"column":73}},"30":{"start":{"line":61,"column":1},"end":{"line":61,"column":61}},"31":{"start":{"line":62,"column":1},"end":{"line":62,"column":66}},"32":{"start":{"line":65,"column":1},"end":{"line":65,"column":116}},"33":{"start":{"line":67,"column":1},"end":{"line":67,"column":121}}},"branchMap":{},"code":["'use strict';","","exports.__esModule = true;","exports.default = mention;","/**","\tMention parser plugin for linkify","*/","function mention(linkify) {","\tvar TT = linkify.scanner.TOKENS; // Text tokens","\tvar _linkify$parser = linkify.parser,","\t    MT = _linkify$parser.TOKENS,","\t    State = _linkify$parser.State; // Multi tokens, state","","\tvar MultiToken = MT.Base;","\tvar S_START = linkify.parser.start;","","\tvar TT_DOMAIN = TT.DOMAIN;","\tvar TT_LOCALHOST = TT.LOCALHOST;","\tvar TT_NUM = TT.NUM;","\tvar TT_SLASH = TT.SLASH;","\tvar TT_TLD = TT.TLD;","\tvar TT_UNDERSCORE = TT.UNDERSCORE;","\tvar TT_DOT = TT.DOT;","","\tfunction MENTION(value) {","\t\tthis.v = value;","\t}","","\tlinkify.inherits(MultiToken, MENTION, {","\t\ttype: 'mention',","\t\tisLink: true,","\t\ttoHref: function toHref() {","\t\t\treturn '/' + this.toString().substr(1);","\t\t}","\t});","","\tvar S_AT = S_START.jump(TT.AT); // @","\tvar S_AT_SYMS = new State();","\tvar S_MENTION = new State(MENTION);","\tvar S_MENTION_DIVIDER = new State();","\tvar S_MENTION_DIVIDER_SYMS = new State();","","\t// @_,","\tS_AT.on(TT_UNDERSCORE, S_AT_SYMS);","","\t//  @_*","\tS_AT_SYMS.on(TT_UNDERSCORE, S_AT_SYMS).on(TT_DOT, S_AT_SYMS);","","\t// Valid mention (not made up entirely of symbols)","\tS_AT.on(TT_DOMAIN, S_MENTION).on(TT_LOCALHOST, S_MENTION).on(TT_TLD, S_MENTION).on(TT_NUM, S_MENTION);","","\tS_AT_SYMS.on(TT_DOMAIN, S_MENTION).on(TT_LOCALHOST, S_MENTION).on(TT_TLD, S_MENTION).on(TT_NUM, S_MENTION);","","\t// More valid mentions","\tS_MENTION.on(TT_DOMAIN, S_MENTION).on(TT_LOCALHOST, S_MENTION).on(TT_TLD, S_MENTION).on(TT_NUM, S_MENTION).on(TT_UNDERSCORE, S_MENTION);","","\t// Mention with a divider","\tS_MENTION.on(TT_SLASH, S_MENTION_DIVIDER).on(TT_DOT, S_MENTION_DIVIDER);","","\t// Mention _ trailing stash plus syms","\tS_MENTION_DIVIDER.on(TT_UNDERSCORE, S_MENTION_DIVIDER_SYMS);","\tS_MENTION_DIVIDER_SYMS.on(TT_UNDERSCORE, S_MENTION_DIVIDER_SYMS);","","\t// Once we get a word token, mentions can start up again","\tS_MENTION_DIVIDER.on(TT_DOMAIN, S_MENTION).on(TT_LOCALHOST, S_MENTION).on(TT_TLD, S_MENTION).on(TT_NUM, S_MENTION);","","\tS_MENTION_DIVIDER_SYMS.on(TT_DOMAIN, S_MENTION).on(TT_LOCALHOST, S_MENTION).on(TT_TLD, S_MENTION).on(TT_NUM, S_MENTION);","}"],"l":{"3":1,"4":1,"8":1,"9":0,"10":0,"14":0,"15":0,"17":0,"18":0,"19":0,"20":0,"21":0,"22":0,"23":0,"25":1,"26":0,"29":0,"33":0,"37":0,"38":0,"39":0,"40":0,"41":0,"44":0,"47":0,"50":0,"52":0,"55":0,"58":0,"61":0,"62":0,"65":0,"67":0}},"/home/travis/build/npmtest/node-npmtest-linkifyjs/node_modules/linkifyjs/plugins/ticket.js":{"path":"/home/travis/build/npmtest/node-npmtest-linkifyjs/node_modules/linkifyjs/plugins/ticket.js","s":{"1":1},"b":{},"f":{},"fnMap":{},"statementMap":{"1":{"start":{"line":1,"column":0},"end":{"line":1,"column":66}}},"branchMap":{},"code":["module.exports = require('../lib/linkify/plugins/ticket').default;",""],"l":{"1":1}},"/home/travis/build/npmtest/node-npmtest-linkifyjs/node_modules/linkifyjs/lib/linkify/plugins/ticket.js":{"path":"/home/travis/build/npmtest/node-npmtest-linkifyjs/node_modules/linkifyjs/lib/linkify/plugins/ticket.js","s":{"1":1,"2":1,"3":1,"4":0,"5":0,"6":0,"7":1,"8":0,"9":0,"10":0,"11":0,"12":0},"b":{},"f":{"1":0,"2":0},"fnMap":{"1":{"name":"ticket","line":10,"loc":{"start":{"line":10,"column":0},"end":{"line":10,"column":25}}},"2":{"name":"TICKET","line":15,"loc":{"start":{"line":15,"column":1},"end":{"line":15,"column":24}}}},"statementMap":{"1":{"start":{"line":3,"column":0},"end":{"line":3,"column":26}},"2":{"start":{"line":4,"column":0},"end":{"line":4,"column":25}},"3":{"start":{"line":10,"column":0},"end":{"line":28,"column":1}},"4":{"start":{"line":11,"column":1},"end":{"line":11,"column":33}},"5":{"start":{"line":12,"column":1},"end":{"line":12,"column":45}},"6":{"start":{"line":13,"column":1},"end":{"line":13,"column":36}},"7":{"start":{"line":15,"column":1},"end":{"line":17,"column":2}},"8":{"start":{"line":16,"column":2},"end":{"line":16,"column":17}},"9":{"start":{"line":19,"column":1},"end":{"line":22,"column":4}},"10":{"start":{"line":24,"column":1},"end":{"line":24,"column":37}},"11":{"start":{"line":25,"column":1},"end":{"line":25,"column":49}},"12":{"start":{"line":27,"column":1},"end":{"line":27,"column":29}}},"branchMap":{},"code":["'use strict';","","exports.__esModule = true;","exports.default = ticket;","/**","\tTicket number detector","\tTODO: Add cross-repo style tickets? e.g., SoapBox/linkifyjs#42","\tIs that even feasible?","*/","function ticket(linkify) {","\tvar TT = linkify.scanner.TOKENS; // Base Multi token class","\tvar MultiToken = linkify.parser.TOKENS.Base;","\tvar S_START = linkify.parser.start;","","\tfunction TICKET(value) {","\t\tthis.v = value;","\t}","","\tlinkify.inherits(MultiToken, TICKET, {","\t\ttype: 'ticket',","\t\tisLink: true","\t});","","\tvar S_HASH = S_START.jump(TT.POUND);","\tvar S_TICKET = new linkify.parser.State(TICKET);","","\tS_HASH.on(TT.NUM, S_TICKET);","}"],"l":{"3":1,"4":1,"10":1,"11":0,"12":0,"13":0,"15":1,"16":0,"19":0,"24":0,"25":0,"27":0}},"/home/travis/build/npmtest/node-npmtest-linkifyjs/node_modules/linkifyjs/tasks/quick-es3.js":{"path":"/home/travis/build/npmtest/node-npmtest-linkifyjs/node_modules/linkifyjs/tasks/quick-es3.js","s":{"1":2,"2":0,"3":0,"4":0},"b":{},"f":{},"fnMap":{},"statementMap":{"1":{"start":{"line":3,"column":0},"end":{"line":3,"column":40}},"2":{"start":{"line":4,"column":0},"end":{"line":4,"column":37}},"3":{"start":{"line":7,"column":0},"end":{"line":14,"column":3}},"4":{"start":{"line":13,"column":13},"end":{"line":13,"column":75}}},"branchMap":{},"code":["'use strict';","","const replace = require('gulp-replace');","const lazypipe = require('lazypipe');","","// HACK to convert linkify code to something more ES3-compatible for IE8","module.exports = lazypipe()","\t.pipe(replace, /\\.default([^a-zA-Z0-9])/g, '[\\'default\\']$1')","\t.pipe(replace, /([^a-zA-Z0-9\\.])default:/g, '$1\\'default\\':')","\t.pipe(","\t\treplace,","\t\t/(Object\\.defineProperty\\(exports,\\s*['\"]__esModule['\"],\\s*\\{\\s*value:\\s*true\\s*\\}\\);)/g,","\t\t(match) => `try { ${match} } catch (e) { exports['__esModule'] = true; }`","\t);",""],"l":{"3":2,"4":0,"7":0,"13":0}},"/home/travis/build/npmtest/node-npmtest-linkifyjs/node_modules/linkifyjs/tasks/uglify.js":{"path":"/home/travis/build/npmtest/node-npmtest-linkifyjs/node_modules/linkifyjs/tasks/uglify.js","s":{"1":1},"b":{},"f":{},"fnMap":{},"statementMap":{"1":{"start":{"line":3,"column":0},"end":{"line":92,"column":2}}},"branchMap":{},"code":["// All object properties that will cause parts of the plugin to fail if mangled","// Uglify will skip all of these when mangling","exports.unmangleableProps = [","\t'[A-Z_]+',","\t'CharacterState',","\t'Children',","\t'State',","\t'T',","\t'TokenState',","\t'accepts',","\t'afterAttributeName',","\t'afterAttributeValueQuoted',","\t'attributeName',","\t'attributeValueDoubleQuoted',","\t'attributeValueSingleQuoted',","\t'attributeValueUnquoted',","\t'attributes',","\t'beforeAttributeName',","\t'beforeAttributeValue',","\t'beforeData',","\t'chars',","\t'check',","\t'className',","\t'cloneElement',","\t'comment',","\t'commentEnd',","\t'commentEndDash',","\t'commentStart',","\t'commentStartDash',","\t'contains',","\t'createClass',","\t'createElement',","\t'data',","\t'default',","\t'defaultProtocol',","\t'emit',","\t'endTagOpen',","\t'events',","\t'exports',","\t'find',","\t'fn',","\t'format',","\t'formatHref',","\t'get',","\t'getObject',","\t'hasProtocol',","\t'hashtag',","\t'helper',","\t'href',","\t'ignoreTags',","\t'inherits',","\t'isLink',","\t'j',","\t'jump',","\t'key',","\t'linkAttributes',","\t'linkClass',","\t'linkify',","\t'linkifyElement',","\t'linkifyHtml',","\t'linkifyStr',","\t'markupDeclaration',","\t'multi',","\t'newLine',","\t'next',","\t'nl2br',","\t'normalize',","\t'on',","\t'options',","\t'parser',","\t'props',","\t'render',","\t'resolve',","\t'run',","\t'scanner',","\t'selfClosingStartTag',","\t'start',","\t'stateify',","\t'tagName',","\t'tagOpen',","\t'target',","\t'test',","\t'text',","\t'toHref',","\t'toObject',","\t'toString',","\t'tokenize',","\t'type',","\t'v',","\t'validate',","\t'value',","];",""],"l":{"3":1}},"/home/travis/build/npmtest/node-npmtest-linkifyjs/node_modules/linkifyjs/lib/linkify/core/tokens.js":{"path":"/home/travis/build/npmtest/node-npmtest-linkifyjs/node_modules/linkifyjs/lib/linkify/core/tokens.js","s":{"1":1,"2":1,"3":1,"4":1,"5":1,"6":1,"7":1,"8":2,"9":2,"10":0,"11":0,"12":0,"13":0,"14":0,"15":0,"16":0,"17":1,"18":1},"b":{"1":[2,0],"2":[2,2],"3":[0,0],"4":[0,0]},"f":{"1":2},"fnMap":{"1":{"name":"_interopRequireWildcard","line":14,"loc":{"start":{"line":14,"column":0},"end":{"line":14,"column":38}}}},"statementMap":{"1":{"start":{"line":3,"column":0},"end":{"line":3,"column":26}},"2":{"start":{"line":4,"column":0},"end":{"line":4,"column":41}},"3":{"start":{"line":6,"column":0},"end":{"line":6,"column":37}},"4":{"start":{"line":8,"column":0},"end":{"line":8,"column":42}},"5":{"start":{"line":10,"column":0},"end":{"line":10,"column":39}},"6":{"start":{"line":12,"column":0},"end":{"line":12,"column":44}},"7":{"start":{"line":14,"column":0},"end":{"line":14,"column":269}},"8":{"start":{"line":14,"column":40},"end":{"line":14,"column":267}},"9":{"start":{"line":14,"column":69},"end":{"line":14,"column":80}},"10":{"start":{"line":14,"column":90},"end":{"line":14,"column":106}},"11":{"start":{"line":14,"column":107},"end":{"line":14,"column":228}},"12":{"start":{"line":14,"column":126},"end":{"line":14,"column":226}},"13":{"start":{"line":14,"column":149},"end":{"line":14,"column":224}},"14":{"start":{"line":14,"column":201},"end":{"line":14,"column":224}},"15":{"start":{"line":14,"column":229},"end":{"line":14,"column":250}},"16":{"start":{"line":14,"column":251},"end":{"line":14,"column":265}},"17":{"start":{"line":16,"column":0},"end":{"line":16,"column":20}},"18":{"start":{"line":17,"column":0},"end":{"line":17,"column":22}}},"branchMap":{"1":{"line":14,"type":"if","locations":[{"start":{"line":14,"column":40},"end":{"line":14,"column":40}},{"start":{"line":14,"column":40},"end":{"line":14,"column":40}}]},"2":{"line":14,"type":"binary-expr","locations":[{"start":{"line":14,"column":44},"end":{"line":14,"column":47}},{"start":{"line":14,"column":51},"end":{"line":14,"column":65}}]},"3":{"line":14,"type":"if","locations":[{"start":{"line":14,"column":107},"end":{"line":14,"column":107}},{"start":{"line":14,"column":107},"end":{"line":14,"column":107}}]},"4":{"line":14,"type":"if","locations":[{"start":{"line":14,"column":149},"end":{"line":14,"column":149}},{"start":{"line":14,"column":149},"end":{"line":14,"column":149}}]}},"code":["'use strict';","","exports.__esModule = true;","exports.multi = exports.text = undefined;","","var _text = require('./tokens/text');","","var text = _interopRequireWildcard(_text);","","var _multi = require('./tokens/multi');","","var multi = _interopRequireWildcard(_multi);","","function _interopRequireWildcard(obj) { if (obj && obj.__esModule) { return obj; } else { var newObj = {}; if (obj != null) { for (var key in obj) { if (Object.prototype.hasOwnProperty.call(obj, key)) newObj[key] = obj[key]; } } newObj.default = obj; return newObj; } }","","exports.text = text;","exports.multi = multi;"],"l":{"3":1,"4":1,"6":1,"8":1,"10":1,"12":1,"14":2,"16":1,"17":1}}}